"../../../Engine/Content/EditorResources/S_Actor.ubulk" 0
"../../../Engine/Content/EditorResources/S_Actor.uasset" 1
"../../../Engine/Content/EditorResources/S_Actor.uexp" 2
"../../../Engine/Content/EditorResources/S_BoxReflectionCapture.uasset" 3
"../../../Engine/Content/EditorResources/S_BoxReflectionCapture.uexp" 4
"../../../Engine/Content/EngineResources/DefaultTexture.ubulk" 5
"../../../Engine/Content/EngineResources/DefaultTexture.uasset" 6
"../../../Engine/Content/EngineResources/DefaultTexture.uexp" 7
"../../../Engine/Content/EngineResources/DefaultTextureCube.uasset" 8
"../../../Engine/Content/EngineResources/DefaultTextureCube.uexp" 9
"../../../Engine/Content/EngineResources/DefaultVolumeTexture2D.uasset" 10
"../../../Engine/Content/EngineResources/DefaultVolumeTexture2D.uexp" 11
"../../../Engine/Content/EngineResources/DefaultVolumeTexture.uasset" 12
"../../../Engine/Content/EngineResources/DefaultVolumeTexture.uexp" 13
"../../../Engine/Content/EditorResources/S_Trigger.ubulk" 14
"../../../Engine/Content/EditorResources/S_Trigger.uasset" 15
"../../../Engine/Content/EditorResources/S_Trigger.uexp" 16
"../../../Engine/Content/EditorResources/S_TriggerBox.uasset" 17
"../../../Engine/Content/EditorResources/S_TriggerBox.uexp" 18
"../../../Engine/Content/EditorResources/S_TriggerCapsule.uasset" 19
"../../../Engine/Content/EditorResources/S_TriggerCapsule.uexp" 20
"../../../Engine/Content/EditorResources/S_TriggerSphere.uasset" 21
"../../../Engine/Content/EditorResources/S_TriggerSphere.uexp" 22
"../../../Engine/Content/EngineMeshes/Sphere.uasset" 23
"../../../Engine/Content/EngineMeshes/Sphere.uexp" 24
"../../../Engine/Content/EngineResources/GradientTexture0.uasset" 25
"../../../Engine/Content/EngineResources/GradientTexture0.uexp" 26
"../../../Engine/Content/EngineResources/Black.uasset" 27
"../../../Engine/Content/EngineResources/Black.uexp" 28
"../../../Engine/Content/VREditor/LaserPointer/VR_LaserPower_01.ubulk" 29
"../../../Engine/Content/VREditor/LaserPointer/VR_LaserPower_01.uasset" 30
"../../../Engine/Content/VREditor/LaserPointer/VR_LaserPower_01.uexp" 31
"../../../Engine/Content/VREditor/TransformGizmo/TransformGizmoMaterial.uasset" 32
"../../../Engine/Content/VREditor/TransformGizmo/TransformGizmoMaterial.uexp" 33
"../../../Engine/Content/VREditor/TransformGizmo/TranslucentTransformGizmoMaterial.uasset" 34
"../../../Engine/Content/VREditor/TransformGizmo/TranslucentTransformGizmoMaterial.uexp" 35
"../../../Engine/Content/VREditor/TransformGizmo/PlaneTranslationHandle.uasset" 36
"../../../Engine/Content/VREditor/TransformGizmo/PlaneTranslationHandle.uexp" 37
"../../../Engine/Content/VREditor/TransformGizmo/BoundingBoxCorner.uasset" 38
"../../../Engine/Content/VREditor/TransformGizmo/BoundingBoxCorner.uexp" 39
"../../../Engine/Content/VREditor/TransformGizmo/BoundingBoxEdge.uasset" 40
"../../../Engine/Content/VREditor/TransformGizmo/BoundingBoxEdge.uexp" 41
"../../../Engine/Content/VREditor/TransformGizmo/Main.uasset" 42
"../../../Engine/Content/VREditor/TransformGizmo/Main.uexp" 43
"../../../Engine/Content/VREditor/TransformGizmo/Xray.uasset" 44
"../../../Engine/Content/VREditor/TransformGizmo/Xray.uexp" 45
"../../../Engine/Content/VREditor/TransformGizmo/SM_Sequencer_Node.uasset" 46
"../../../Engine/Content/VREditor/TransformGizmo/SM_Sequencer_Node.uexp" 47
"../../../Engine/Content/EditorMaterials/Camera/CineMat.uasset" 48
"../../../Engine/Content/EditorMaterials/Camera/CineMat.uexp" 49
"../../../Engine/Content/EditorMaterials/Camera/MI_CineMat_Rig.uasset" 50
"../../../Engine/Content/EditorMaterials/Camera/MI_CineMat_Rig.uexp" 51
"../../../Engine/Content/EditorMeshes/Camera/SM_CraneRig_Base.uasset" 52
"../../../Engine/Content/EditorMeshes/Camera/SM_CraneRig_Base.uexp" 53
"../../../Engine/Content/EditorMeshes/Camera/SM_CraneRig_Arm.uasset" 54
"../../../Engine/Content/EditorMeshes/Camera/SM_CraneRig_Arm.uexp" 55
"../../../Engine/Content/EditorMeshes/Camera/SM_CraneRig_Mount.uasset" 56
"../../../Engine/Content/EditorMeshes/Camera/SM_CraneRig_Mount.uexp" 57
"../../../Engine/Content/EditorMeshes/Camera/SM_CraneRig_Body.uasset" 58
"../../../Engine/Content/EditorMeshes/Camera/SM_CraneRig_Body.uexp" 59
"../../../Engine/Content/EditorMeshes/Camera/SM_RailRig_Track.uasset" 60
"../../../Engine/Content/EditorMeshes/Camera/SM_RailRig_Track.uexp" 61
"../../../Engine/Content/EditorMeshes/Camera/SM_RailRig_Mount.uasset" 62
"../../../Engine/Content/EditorMeshes/Camera/SM_RailRig_Mount.uexp" 63
"../../../Engine/Content/EngineMaterials/T_Default_Material_Grid_M.ubulk" 64
"../../../Engine/Content/EngineMaterials/T_Default_Material_Grid_M.uasset" 65
"../../../Engine/Content/EngineMaterials/T_Default_Material_Grid_M.uexp" 66
"../../../Engine/Content/EngineMaterials/T_Default_Material_Grid_N.ubulk" 67
"../../../Engine/Content/EngineMaterials/T_Default_Material_Grid_N.uasset" 68
"../../../Engine/Content/EngineMaterials/T_Default_Material_Grid_N.uexp" 69
"../../../Engine/Content/Functions/Engine_MaterialFunctions01/Opacity/CameraDepthFade.uasset" 70
"../../../Engine/Content/Functions/Engine_MaterialFunctions01/Opacity/CameraDepthFade.uexp" 71
"../../../Engine/Content/EngineMaterials/WorldGridMaterial.uasset" 72
"../../../Engine/Content/EngineMaterials/WorldGridMaterial.uexp" 73
"../../../Engine/Content/ArtTools/RenderToTexture/Meshes/S_1_Unit_Plane.uasset" 74
"../../../Engine/Content/ArtTools/RenderToTexture/Meshes/S_1_Unit_Plane.uexp" 75
"../../../Engine/Content/EditorMaterials/ParticleSystems/PSysThumbnail_NoImage.ubulk" 76
"../../../Engine/Content/EditorMaterials/ParticleSystems/PSysThumbnail_NoImage.uasset" 77
"../../../Engine/Content/EditorMaterials/ParticleSystems/PSysThumbnail_NoImage.uexp" 78
"../../../Engine/Content/EditorMaterials/ParticleSystems/PSysThumbnail_OOD.ubulk" 79
"../../../Engine/Content/EditorMaterials/ParticleSystems/PSysThumbnail_OOD.uasset" 80
"../../../Engine/Content/EditorMaterials/ParticleSystems/PSysThumbnail_OOD.uexp" 81
"../../../Engine/Content/EditorLandscapeResources/SplineEditorMeshMat.uasset" 82
"../../../Engine/Content/EditorLandscapeResources/SplineEditorMeshMat.uexp" 83
"../../../Engine/Content/EditorLandscapeResources/SplineEditorMesh.uasset" 84
"../../../Engine/Content/EditorLandscapeResources/SplineEditorMesh.uexp" 85
"../../../Engine/Content/EditorResources/S_Solver.ubulk" 86
"../../../Engine/Content/EditorResources/S_Solver.uasset" 87
"../../../Engine/Content/EditorResources/S_Solver.uexp" 88
"../../../Engine/Content/EditorMeshes/EditorSphere.uasset" 89
"../../../Engine/Content/EditorMeshes/EditorSphere.uexp" 90
"../../../Engine/Plugins/Media/MediaPlate/Content/SM_MediaPlateScreen.uasset" 91
"../../../Engine/Plugins/Media/MediaPlate/Content/SM_MediaPlateScreen.uexp" 92
"../../../Engine/Content/EngineMaterials/DefaultBokeh.uasset" 93
"../../../Engine/Content/EngineMaterials/DefaultBokeh.uexp" 94
"../../../Engine/Content/EngineMaterials/PreintegratedSkinBRDF.uasset" 95
"../../../Engine/Content/EngineMaterials/PreintegratedSkinBRDF.uexp" 96
"../../../Engine/Content/EngineMaterials/MiniFont.uasset" 97
"../../../Engine/Content/EngineMaterials/MiniFont.uexp" 98
"../../../Engine/Content/EngineMaterials/WeightMapPlaceholderTexture.uasset" 99
"../../../Engine/Content/EngineMaterials/WeightMapPlaceholderTexture.uexp" 100
"../../../Engine/Content/EngineMaterials/DefaultWhiteGrid.ubulk" 101
"../../../Engine/Content/EngineMaterials/DefaultWhiteGrid.uasset" 102
"../../../Engine/Content/EngineMaterials/DefaultWhiteGrid.uexp" 103
"../../../Engine/Content/Animation/DefaultRecorderBoneCompression.uasset" 104
"../../../Engine/Content/Animation/DefaultRecorderBoneCompression.uexp" 105
"../../../Engine/Content/Animation/DefaultAnimCurveCompressionSettings.uasset" 106
"../../../Engine/Content/Animation/DefaultAnimCurveCompressionSettings.uexp" 107
"../../../Engine/Content/Animation/DefaultAnimBoneCompressionSettings.uasset" 108
"../../../Engine/Content/Animation/DefaultAnimBoneCompressionSettings.uexp" 109
"../../../Engine/Content/EngineMaterials/DefaultMaterial.uasset" 110
"../../../Engine/Content/EngineMaterials/DefaultMaterial.uexp" 111
"../../../Engine/Content/BasicShapes/Sphere.uasset" 112
"../../../Engine/Content/BasicShapes/Sphere.uexp" 113
"../../../Engine/Content/BasicShapes/Plane.uasset" 114
"../../../Engine/Content/BasicShapes/Plane.uexp" 115
"../../../Engine/Content/BasicShapes/Cylinder.uasset" 116
"../../../Engine/Content/BasicShapes/Cylinder.uexp" 117
"../../../Engine/Content/BasicShapes/Cube.uasset" 118
"../../../Engine/Content/BasicShapes/Cube.uexp" 119
"../../../Engine/Content/BasicShapes/Cone.uasset" 120
"../../../Engine/Content/BasicShapes/Cone.uexp" 121
"../../../Engine/Content/EditorLandscapeResources/DefaultAlphaTexture.uasset" 122
"../../../Engine/Content/EditorLandscapeResources/DefaultAlphaTexture.uexp" 123
"../../../Engine/Content/EditorLandscapeResources/DataLayer.uasset" 124
"../../../Engine/Content/EditorLandscapeResources/DataLayer.uexp" 125
"../../../Engine/Content/EditorMaterials/PreviewShadowIndicator.ubulk" 126
"../../../Engine/Content/EditorMaterials/PreviewShadowIndicator.uasset" 127
"../../../Engine/Content/EditorMaterials/PreviewShadowIndicator.uexp" 128
"../../../Engine/Content/EditorMaterials/PreviewShadowIndicatorMaterial.uasset" 129
"../../../Engine/Content/EditorMaterials/PreviewShadowIndicatorMaterial.uexp" 130
"../../../Engine/Content/EditorMaterials/PhAT_UnselectedMaterial.uasset" 131
"../../../Engine/Content/EditorMaterials/PhAT_UnselectedMaterial.uexp" 132
"../../../Engine/Content/EditorMaterials/PhAT_NoCollisionMaterial.uasset" 133
"../../../Engine/Content/EditorMaterials/PhAT_NoCollisionMaterial.uexp" 134
"../../../Engine/Content/Functions/Engine_MaterialFunctions02/Utility/MakeFloat4.uasset" 135
"../../../Engine/Content/Functions/Engine_MaterialFunctions02/Utility/MakeFloat4.uexp" 136
"../../../Engine/Content/Functions/Engine_MaterialFunctions02/Utility/MakeFloat3.uasset" 137
"../../../Engine/Content/Functions/Engine_MaterialFunctions02/Utility/MakeFloat3.uexp" 138
"../../../Engine/Content/Functions/Engine_MaterialFunctions02/Utility/BreakOutFloat3Components.uasset" 139
"../../../Engine/Content/Functions/Engine_MaterialFunctions02/Utility/BreakOutFloat3Components.uexp" 140
"../../../Engine/Content/EditorMaterials/WorldPartition/WorldPartitionSpatialHashGridPreviewMaterial.uasset" 141
"../../../Engine/Content/EditorMaterials/WorldPartition/WorldPartitionSpatialHashGridPreviewMaterial.uexp" 142
"../../../Engine/Content/EditorResources/S_Terrain.ubulk" 143
"../../../Engine/Content/EditorResources/S_Terrain.uasset" 144
"../../../Engine/Content/EditorResources/S_Terrain.uexp" 145
"../../../Engine/Content/EditorResources/EmptyActor.uasset" 146
"../../../Engine/Content/EditorResources/EmptyActor.uexp" 147
"../../../Engine/Content/EditorResources/BSPVertex.uasset" 148
"../../../Engine/Content/EditorResources/BSPVertex.uexp" 149
"../../../Engine/Content/EditorResources/SequenceRecorder/RecordingIndicator.uasset" 150
"../../../Engine/Content/EditorResources/SequenceRecorder/RecordingIndicator.uexp" 151
"../../../Engine/Content/EditorResources/SequenceRecorder/Countdown.uasset" 152
"../../../Engine/Content/EditorResources/SequenceRecorder/Countdown.uexp" 153
"../../../Engine/Content/EngineDamageTypes/DmgTypeBP_Environmental.uasset" 154
"../../../Engine/Content/EngineDamageTypes/DmgTypeBP_Environmental.uexp" 155
"../../../Engine/Content/Functions/Engine_MaterialFunctions02/Utility/CameraDirectionVector.uasset" 156
"../../../Engine/Content/Functions/Engine_MaterialFunctions02/Utility/CameraDirectionVector.uexp" 157
"../../../Engine/Content/EngineDebugMaterials/VolumeToRender.uasset" 158
"../../../Engine/Content/EngineDebugMaterials/VolumeToRender.uexp" 159
"../../../Engine/Content/EngineDebugMaterials/M_VolumeRenderSphereTracePP.uasset" 160
"../../../Engine/Content/EngineDebugMaterials/M_VolumeRenderSphereTracePP.uexp" 161
"../../../Engine/Content/EngineDebugMaterials/M_SimpleUnlitTranslucent.uasset" 162
"../../../Engine/Content/EngineDebugMaterials/M_SimpleUnlitTranslucent.uexp" 163
"../../../Engine/Content/EngineDebugMaterials/DebugMeshMaterial.uasset" 164
"../../../Engine/Content/EngineDebugMaterials/DebugMeshMaterial.uexp" 165
"../../../Engine/Content/EngineDebugMaterials/DebugEditorMaterial.uasset" 166
"../../../Engine/Content/EngineDebugMaterials/DebugEditorMaterial.uexp" 167
"../../../Engine/Content/EngineFonts/Faces/RobotoLight.uexp" 168
"../../../Engine/Content/EngineFonts/Faces/RobotoLight.uasset" 169
"../../../Engine/Content/EngineFonts/Faces/RobotoLight.ufont" 170
"../../../Engine/Content/EngineFonts/Faces/RobotoBold.uexp" 171
"../../../Engine/Content/EngineFonts/Faces/RobotoBold.uasset" 172
"../../../Engine/Content/EngineFonts/Faces/RobotoBold.ufont" 173
"../../../Engine/Content/EngineFonts/Faces/RobotoRegular.uexp" 174
"../../../Engine/Content/EngineFonts/Faces/RobotoRegular.uasset" 175
"../../../Engine/Content/EngineFonts/Faces/RobotoRegular.ufont" 176
"../../../Engine/Content/EngineFonts/Faces/DroidSansFallback.uexp" 177
"../../../Engine/Content/EngineFonts/Faces/DroidSansFallback.uasset" 178
"../../../Engine/Content/EngineFonts/Faces/DroidSansFallback.ufont" 179
"../../../Engine/Content/EngineFonts/Faces/RobotoItalic.uexp" 180
"../../../Engine/Content/EngineFonts/Faces/RobotoItalic.uasset" 181
"../../../Engine/Content/EngineFonts/Faces/RobotoItalic.ufont" 182
"../../../Engine/Content/EngineFonts/Faces/RobotoBoldItalic.uexp" 183
"../../../Engine/Content/EngineFonts/Faces/RobotoBoldItalic.uasset" 184
"../../../Engine/Content/EngineFonts/Faces/RobotoBoldItalic.ufont" 185
"../../../Engine/Content/EngineFonts/Roboto.uasset" 186
"../../../Engine/Content/EngineFonts/Roboto.uexp" 187
"../../../Engine/Content/EngineResources/WhiteSquareTexture.uasset" 188
"../../../Engine/Content/EngineResources/WhiteSquareTexture.uexp" 189
"../../../Engine/Content/EngineMaterials/Widget3DPassThrough.uasset" 190
"../../../Engine/Content/EngineMaterials/Widget3DPassThrough.uexp" 191
"../../../Engine/Content/EngineMaterials/Widget3DPassThrough_Translucent.uasset" 192
"../../../Engine/Content/EngineMaterials/Widget3DPassThrough_Translucent.uexp" 193
"../../../Engine/Content/EngineMaterials/Widget3DPassThrough_Translucent_OneSided.uasset" 194
"../../../Engine/Content/EngineMaterials/Widget3DPassThrough_Translucent_OneSided.uexp" 195
"../../../Engine/Content/EngineMaterials/Widget3DPassThrough_Opaque.uasset" 196
"../../../Engine/Content/EngineMaterials/Widget3DPassThrough_Opaque.uexp" 197
"../../../Engine/Content/EngineMaterials/Widget3DPassThrough_Opaque_OneSided.uasset" 198
"../../../Engine/Content/EngineMaterials/Widget3DPassThrough_Opaque_OneSided.uexp" 199
"../../../Engine/Content/EngineMaterials/Widget3DPassThrough_Masked_OneSided.uasset" 200
"../../../Engine/Content/EngineMaterials/Widget3DPassThrough_Masked_OneSided.uexp" 201
"../../../Engine/Content/EngineMaterials/Widget3DPassThrough_Masked.uasset" 202
"../../../Engine/Content/EngineMaterials/Widget3DPassThrough_Masked.uexp" 203
"../../../Engine/Content/EngineMaterials/STBlueNoise_vec2_128x128x64.uasset" 204
"../../../Engine/Content/EngineMaterials/STBlueNoise_vec2_128x128x64.uexp" 205
"../../../Engine/Content/EngineMaterials/STBlueNoise_scalar_128x128x64.uasset" 206
"../../../Engine/Content/EngineMaterials/STBlueNoise_scalar_128x128x64.uexp" 207
"../../../Engine/Content/EngineMaterials/RemoveSurfaceMaterial.uasset" 208
"../../../Engine/Content/EngineMaterials/RemoveSurfaceMaterial.uexp" 209
"../../../Engine/Content/EngineMaterials/DefaultCalibrationGrayscale.uasset" 210
"../../../Engine/Content/EngineMaterials/DefaultCalibrationGrayscale.uexp" 211
"../../../Engine/Content/EngineMaterials/PPM_DefaultCalibrationGrayscale.uasset" 212
"../../../Engine/Content/EngineMaterials/PPM_DefaultCalibrationGrayscale.uexp" 213
"../../../Engine/Content/EngineMaterials/DefaultCalibrationColor.uasset" 214
"../../../Engine/Content/EngineMaterials/DefaultCalibrationColor.uexp" 215
"../../../Engine/Content/EngineMaterials/PPM_DefaultCalibrationColor.uasset" 216
"../../../Engine/Content/EngineMaterials/PPM_DefaultCalibrationColor.uexp" 217
"../../../Engine/Content/Functions/Engine_MaterialFunctions02/WorldPositionOffset/CameraOffset.uasset" 218
"../../../Engine/Content/Functions/Engine_MaterialFunctions02/WorldPositionOffset/CameraOffset.uexp" 219
"../../../Engine/Content/EngineMaterials/PhAT_JointLimitMaterial.uasset" 220
"../../../Engine/Content/EngineMaterials/PhAT_JointLimitMaterial.uexp" 221
"../../../Engine/Content/EngineMaterials/InvalidLightmapSettings.ubulk" 222
"../../../Engine/Content/EngineMaterials/InvalidLightmapSettings.uasset" 223
"../../../Engine/Content/EngineMaterials/InvalidLightmapSettings.uexp" 224
"../../../Engine/Content/EngineMaterials/M_InvalidLightmapSettings.uasset" 225
"../../../Engine/Content/EngineMaterials/M_InvalidLightmapSettings.uexp" 226
"../../../Engine/Content/EngineMaterials/GizmoMaterial.uasset" 227
"../../../Engine/Content/EngineMaterials/GizmoMaterial.uexp" 228
"../../../Engine/Content/EngineMaterials/BaseFlattenEmissiveMap_VT.uasset" 229
"../../../Engine/Content/EngineMaterials/BaseFlattenEmissiveMap_VT.uexp" 230
"../../../Engine/Content/EngineMaterials/BaseFlattenGrayscaleMap_VT.uasset" 231
"../../../Engine/Content/EngineMaterials/BaseFlattenGrayscaleMap_VT.uexp" 232
"../../../Engine/Content/EngineMaterials/BaseFlattenLinearColor_VT.uasset" 233
"../../../Engine/Content/EngineMaterials/BaseFlattenLinearColor_VT.uexp" 234
"../../../Engine/Content/EngineMaterials/Black_1x1_EXR_Texture_VT.uasset" 235
"../../../Engine/Content/EngineMaterials/Black_1x1_EXR_Texture_VT.uexp" 236
"../../../Engine/Content/EngineMaterials/BaseFlattenDiffuseMap_VT.uasset" 237
"../../../Engine/Content/EngineMaterials/BaseFlattenDiffuseMap_VT.uexp" 238
"../../../Engine/Content/EngineMaterials/BaseFlattenNormalMap_VT.uasset" 239
"../../../Engine/Content/EngineMaterials/BaseFlattenNormalMap_VT.uexp" 240
"../../../Engine/Content/EngineMaterials/FlattenMaterial_WS_Normal_VT.uasset" 241
"../../../Engine/Content/EngineMaterials/FlattenMaterial_WS_Normal_VT.uexp" 242
"../../../Engine/Content/EngineMaterials/FlattenMaterial_VT.uasset" 243
"../../../Engine/Content/EngineMaterials/FlattenMaterial_VT.uexp" 244
"../../../Engine/Content/EngineMaterials/BaseFlattenNormalMap.uasset" 245
"../../../Engine/Content/EngineMaterials/BaseFlattenNormalMap.uexp" 246
"../../../Engine/Content/EngineMaterials/BaseFlattenGrayscaleMap.uasset" 247
"../../../Engine/Content/EngineMaterials/BaseFlattenGrayscaleMap.uexp" 248
"../../../Engine/Content/EngineMaterials/BaseFlattenDiffuseMap.uasset" 249
"../../../Engine/Content/EngineMaterials/BaseFlattenDiffuseMap.uexp" 250
"../../../Engine/Content/Functions/Engine_MaterialFunctions02/PivotPainter2/Black_1x1_EXR_Texture.uasset" 251
"../../../Engine/Content/Functions/Engine_MaterialFunctions02/PivotPainter2/Black_1x1_EXR_Texture.uexp" 252
"../../../Engine/Content/EngineMaterials/BaseFlattenEmissiveMap.uasset" 253
"../../../Engine/Content/EngineMaterials/BaseFlattenEmissiveMap.uexp" 254
"../../../Engine/Content/EngineMaterials/BaseFlattenLinearColor.uasset" 255
"../../../Engine/Content/EngineMaterials/BaseFlattenLinearColor.uexp" 256
"../../../Engine/Content/EngineMaterials/FlattenMaterial.uasset" 257
"../../../Engine/Content/EngineMaterials/FlattenMaterial.uexp" 258
"../../../Engine/Content/EngineMaterials/DefaultWhiteGrid_Low.uasset" 259
"../../../Engine/Content/EngineMaterials/DefaultWhiteGrid_Low.uexp" 260
"../../../Engine/Content/EngineMaterials/EmissiveMeshMaterial.uasset" 261
"../../../Engine/Content/EngineMaterials/EmissiveMeshMaterial.uexp" 262
"../../../Engine/Content/EngineFonts/RobotoDistanceField.uasset" 263
"../../../Engine/Content/EngineFonts/RobotoDistanceField.uexp" 264
"../../../Engine/Content/EngineMaterials/DefaultTextMaterialOpaque.uasset" 265
"../../../Engine/Content/EngineMaterials/DefaultTextMaterialOpaque.uexp" 266
"../../../Engine/Content/EngineMaterials/DefaultDiffuse.ubulk" 267
"../../../Engine/Content/EngineMaterials/DefaultDiffuse.uasset" 268
"../../../Engine/Content/EngineMaterials/DefaultDiffuse.uexp" 269
"../../../Engine/Content/Functions/Engine_MaterialFunctions02/Utility/BreakOutFloat2Components.uasset" 270
"../../../Engine/Content/Functions/Engine_MaterialFunctions02/Utility/BreakOutFloat2Components.uexp" 271
"../../../Engine/Content/EngineMaterials/DefaultPostProcessMaterial.uasset" 272
"../../../Engine/Content/EngineMaterials/DefaultPostProcessMaterial.uexp" 273
"../../../Engine/Content/EngineMaterials/DefaultPhysicalMaterial.uasset" 274
"../../../Engine/Content/EngineMaterials/DefaultPhysicalMaterial.uexp" 275
"../../../Engine/Content/EngineMaterials/DefaultLightFunctionMaterial.uasset" 276
"../../../Engine/Content/EngineMaterials/DefaultLightFunctionMaterial.uexp" 277
"../../../Engine/Content/EngineMaterials/DefaultDestructiblePhysicalMaterial.uasset" 278
"../../../Engine/Content/EngineMaterials/DefaultDestructiblePhysicalMaterial.uexp" 279
"../../../Engine/Content/EngineMaterials/DefaultDeferredDecalMaterial.uasset" 280
"../../../Engine/Content/EngineMaterials/DefaultDeferredDecalMaterial.uexp" 281
"../../../Engine/Content/EngineMaterials/DefaultBloomKernel.uasset" 282
"../../../Engine/Content/EngineMaterials/DefaultBloomKernel.uexp" 283
"../../../Engine/Content/EngineResources/FilmGrains/Marcie_Grain_v3_128_M2_000.uasset" 284
"../../../Engine/Content/EngineResources/FilmGrains/Marcie_Grain_v3_128_M2_000.uexp" 285
"../../../Engine/Content/EngineSky/T_Sky_Stars.ubulk" 286
"../../../Engine/Content/EngineSky/T_Sky_Stars.uasset" 287
"../../../Engine/Content/EngineSky/T_Sky_Stars.uexp" 288
"../../../Engine/Content/EngineSky/T_Sky_Clouds_M.ubulk" 289
"../../../Engine/Content/EngineSky/T_Sky_Clouds_M.uasset" 290
"../../../Engine/Content/EngineSky/T_Sky_Clouds_M.uexp" 291
"../../../Engine/Content/EngineSky/T_Sky_Blue.ubulk" 292
"../../../Engine/Content/EngineSky/T_Sky_Blue.uasset" 293
"../../../Engine/Content/EngineSky/T_Sky_Blue.uexp" 294
"../../../Engine/Content/EngineSky/M_Sky_Panning_Clouds2.uasset" 295
"../../../Engine/Content/EngineSky/M_Sky_Panning_Clouds2.uexp" 296
"../../../Engine/Content/EngineSky/SM_SkySphere.uasset" 297
"../../../Engine/Content/EngineSky/SM_SkySphere.uexp" 298
"../../../Engine/Content/EngineSky/VolumetricClouds/CloudWeatherTexture.uasset" 299
"../../../Engine/Content/EngineSky/VolumetricClouds/CloudWeatherTexture.uexp" 300
"../../../Engine/Content/Functions/Engine_MaterialFunctions02/Utility/MakeFloat2.uasset" 301
"../../../Engine/Content/Functions/Engine_MaterialFunctions02/Utility/MakeFloat2.uexp" 302
"../../../Engine/Content/EngineSky/VolumetricClouds/CloudGradientTexture.uasset" 303
"../../../Engine/Content/EngineSky/VolumetricClouds/CloudGradientTexture.uexp" 304
"../../../Engine/Content/EngineSky/VolumetricClouds/T_NoiseShape64.ubulk" 305
"../../../Engine/Content/EngineSky/VolumetricClouds/T_NoiseShape64.uasset" 306
"../../../Engine/Content/EngineSky/VolumetricClouds/T_NoiseShape64.uexp" 307
"../../../Engine/Content/EngineSky/VolumetricClouds/T_VolumeNoiseShape64.uasset" 308
"../../../Engine/Content/EngineSky/VolumetricClouds/T_VolumeNoiseShape64.uexp" 309
"../../../Engine/Content/EngineSky/VolumetricClouds/T_NoiseErosion.ubulk" 310
"../../../Engine/Content/EngineSky/VolumetricClouds/T_NoiseErosion.uasset" 311
"../../../Engine/Content/EngineSky/VolumetricClouds/T_NoiseErosion.uexp" 312
"../../../Engine/Content/EngineSky/VolumetricClouds/T_VolumeNoiseErosion32.uasset" 313
"../../../Engine/Content/EngineSky/VolumetricClouds/T_VolumeNoiseErosion32.uexp" 314
"../../../Engine/Content/EngineSky/VolumetricClouds/m_SimpleVolumetricCloud.uasset" 315
"../../../Engine/Content/EngineSky/VolumetricClouds/m_SimpleVolumetricCloud.uexp" 316
"../../../Engine/Content/EngineSky/VolumetricClouds/m_SimpleVolumetricCloud_Inst.uasset" 317
"../../../Engine/Content/EngineSky/VolumetricClouds/m_SimpleVolumetricCloud_Inst.uexp" 318
"../../../Engine/Content/EngineSounds/Master.uasset" 319
"../../../Engine/Content/EngineSounds/Master.uexp" 320
"../../../Engine/Content/Functions/Engine_MaterialFunctions01/Shading/PowerToRoughness.uasset" 321
"../../../Engine/Content/Functions/Engine_MaterialFunctions01/Shading/PowerToRoughness.uexp" 322
"../../../Engine/Content/Maps/Templates/HLODs/HLODLayer_Merged.uasset" 323
"../../../Engine/Content/Maps/Templates/HLODs/HLODLayer_Merged.uexp" 324
"../../../Engine/Plugins/Experimental/CommonUI/Content/DefaultMediaTexture.uasset" 325
"../../../Engine/Plugins/Experimental/CommonUI/Content/DefaultMediaTexture.uexp" 326
"../../../Engine/Plugins/Experimental/CommonUI/Content/VideoPlayerMaterial.uasset" 327
"../../../Engine/Plugins/Experimental/CommonUI/Content/VideoPlayerMaterial.uexp" 328
"../../../Engine/Plugins/Editor/SpeedTreeImporter/Content/SpeedTree9/game_wind_noise.ubulk" 329
"../../../Engine/Plugins/Editor/SpeedTreeImporter/Content/SpeedTree9/game_wind_noise.uasset" 330
"../../../Engine/Plugins/Editor/SpeedTreeImporter/Content/SpeedTree9/game_wind_noise.uexp" 331
"../../../Engine/Plugins/Editor/SpeedTreeImporter/Content/SpeedTree9/UnpackDirection.uasset" 332
"../../../Engine/Plugins/Editor/SpeedTreeImporter/Content/SpeedTree9/UnpackDirection.uexp" 333
"../../../Engine/Content/Functions/Engine_MaterialFunctions02/ObjectLocalBounds.uasset" 334
"../../../Engine/Content/Functions/Engine_MaterialFunctions02/ObjectLocalBounds.uexp" 335
"../../../Engine/Content/Functions/Engine_MaterialFunctions02/UVs/BoundingBoxBased_0-1_UVW.uasset" 336
"../../../Engine/Content/Functions/Engine_MaterialFunctions02/UVs/BoundingBoxBased_0-1_UVW.uexp" 337
"../../../Engine/Content/Functions/Engine_MaterialFunctions02/Utility/VectorLength.uasset" 338
"../../../Engine/Content/Functions/Engine_MaterialFunctions02/Utility/VectorLength.uexp" 339
"../../../Engine/Plugins/Editor/SpeedTreeImporter/Content/SpeedTree9/UnpackInteger3.uasset" 340
"../../../Engine/Plugins/Editor/SpeedTreeImporter/Content/SpeedTree9/UnpackInteger3.uexp" 341
"../../../Engine/Plugins/Editor/SpeedTreeImporter/Content/SpeedTree9/SpeedTreeCameraFacing.uasset" 342
"../../../Engine/Plugins/Editor/SpeedTreeImporter/Content/SpeedTree9/SpeedTreeCameraFacing.uexp" 343
"../../../Engine/Content/Functions/Engine_MaterialFunctions02/WorldPositionOffset/ObjectScale.uasset" 344
"../../../Engine/Content/Functions/Engine_MaterialFunctions02/WorldPositionOffset/ObjectScale.uexp" 345
"../../../Engine/Content/Functions/Engine_MaterialFunctions02/SafeNormalize.uasset" 346
"../../../Engine/Content/Functions/Engine_MaterialFunctions02/SafeNormalize.uexp" 347
"../../../Engine/Plugins/Editor/SpeedTreeImporter/Content/SpeedTree9/SpeedTreeWindMotion.uasset" 348
"../../../Engine/Plugins/Editor/SpeedTreeImporter/Content/SpeedTree9/SpeedTreeWindMotion.uexp" 349
"../../../Engine/Plugins/Editor/SpeedTreeImporter/Content/SpeedTree9/SpeedTreeBranchMotion.uasset" 350
"../../../Engine/Plugins/Editor/SpeedTreeImporter/Content/SpeedTree9/SpeedTreeBranchMotion.uexp" 351
"../../../Engine/Plugins/Editor/SpeedTreeImporter/Content/SpeedTree9/SpeedTreeWind.uasset" 352
"../../../Engine/Plugins/Editor/SpeedTreeImporter/Content/SpeedTree9/SpeedTreeWind.uexp" 353
"../../../Engine/Plugins/Editor/SpeedTreeImporter/Content/SpeedTree9/EmptyNormal.uasset" 354
"../../../Engine/Plugins/Editor/SpeedTreeImporter/Content/SpeedTree9/EmptyNormal.uexp" 355
"../../../Engine/Plugins/Editor/SpeedTreeImporter/Content/SpeedTree9/Empty.uasset" 356
"../../../Engine/Plugins/Editor/SpeedTreeImporter/Content/SpeedTree9/Empty.uexp" 357
"../../../Engine/Plugins/Editor/SpeedTreeImporter/Content/SpeedTree9/SpeedTreeMaster.uasset" 358
"../../../Engine/Plugins/Editor/SpeedTreeImporter/Content/SpeedTree9/SpeedTreeMaster.uexp" 359
"../../../Engine/Plugins/Editor/SpeedTreeImporter/Content/SpeedTree9/SpeedTreeBillboard.uasset" 360
"../../../Engine/Plugins/Editor/SpeedTreeImporter/Content/SpeedTree9/SpeedTreeBillboard.uexp" 361
"../../../Engine/Plugins/Editor/SpeedTreeImporter/Content/SpeedTree9/SpeedTreeBillboardMaster.uasset" 362
"../../../Engine/Plugins/Editor/SpeedTreeImporter/Content/SpeedTree9/SpeedTreeBillboardMaster.uexp" 363
"E:/Programming/Games/Unreal/highfleet-starsector-combo/Starfleet/Content/StarterContent/HDRI/HDRI_Epic_Courtyard_Daylight.uasset" 364
"E:/Programming/Games/Unreal/highfleet-starsector-combo/Starfleet/Content/StarterContent/HDRI/HDRI_Epic_Courtyard_Daylight.uexp" 365
"../../../Engine/Plugins/Animation/ControlRig/Content/M_Manip.uasset" 366
"../../../Engine/Plugins/Animation/ControlRig/Content/M_Manip.uexp" 367
"../../../Engine/Plugins/Animation/ControlRig/Content/Controls/DefaultGizmoLibraryNormalized.uasset" 368
"../../../Engine/Plugins/Animation/ControlRig/Content/Controls/DefaultGizmoLibraryNormalized.uexp" 369
"../../../Engine/Plugins/Animation/ControlRig/Content/Controls/ControlRig_Wedge_solid.uasset" 370
"../../../Engine/Plugins/Animation/ControlRig/Content/Controls/ControlRig_Wedge_solid.uexp" 371
"../../../Engine/Plugins/Animation/ControlRig/Content/Controls/ControlRig_Wedge_3mm.uasset" 372
"../../../Engine/Plugins/Animation/ControlRig/Content/Controls/ControlRig_Wedge_3mm.uexp" 373
"../../../Engine/Plugins/Animation/ControlRig/Content/Controls/ControlRig_Wedge_1mm.uasset" 374
"../../../Engine/Plugins/Animation/ControlRig/Content/Controls/ControlRig_Wedge_1mm.uexp" 375
"../../../Engine/Plugins/Animation/ControlRig/Content/Controls/ControlRig_Triangle_solid.uasset" 376
"../../../Engine/Plugins/Animation/ControlRig/Content/Controls/ControlRig_Triangle_solid.uexp" 377
"../../../Engine/Plugins/Animation/ControlRig/Content/Controls/ControlRig_Triangle_3mm.uasset" 378
"../../../Engine/Plugins/Animation/ControlRig/Content/Controls/ControlRig_Triangle_3mm.uexp" 379
"../../../Engine/Plugins/Animation/ControlRig/Content/Controls/ControlRig_Triangle_1mm.uasset" 380
"../../../Engine/Plugins/Animation/ControlRig/Content/Controls/ControlRig_Triangle_1mm.uexp" 381
"../../../Engine/Plugins/Animation/ControlRig/Content/Controls/ControlRig_Star4_solid.uasset" 382
"../../../Engine/Plugins/Animation/ControlRig/Content/Controls/ControlRig_Star4_solid.uexp" 383
"../../../Engine/Plugins/Animation/ControlRig/Content/Controls/ControlRig_Star4_3mm.uasset" 384
"../../../Engine/Plugins/Animation/ControlRig/Content/Controls/ControlRig_Star4_3mm.uexp" 385
"../../../Engine/Plugins/Animation/ControlRig/Content/Controls/ControlRig_Star4_1mm.uasset" 386
"../../../Engine/Plugins/Animation/ControlRig/Content/Controls/ControlRig_Star4_1mm.uexp" 387
"../../../Engine/Plugins/Animation/ControlRig/Content/Controls/ControlRig_Square_solid.uasset" 388
"../../../Engine/Plugins/Animation/ControlRig/Content/Controls/ControlRig_Square_solid.uexp" 389
"../../../Engine/Plugins/Animation/ControlRig/Content/Controls/ControlRig_Square_3mm.uasset" 390
"../../../Engine/Plugins/Animation/ControlRig/Content/Controls/ControlRig_Square_3mm.uexp" 391
"../../../Engine/Plugins/Animation/ControlRig/Content/Controls/ControlRig_Square_1mm.uasset" 392
"../../../Engine/Plugins/Animation/ControlRig/Content/Controls/ControlRig_Square_1mm.uexp" 393
"../../../Engine/Plugins/Animation/ControlRig/Content/Controls/ControlRig_Sphere_solid.uasset" 394
"../../../Engine/Plugins/Animation/ControlRig/Content/Controls/ControlRig_Sphere_solid.uexp" 395
"../../../Engine/Plugins/Animation/ControlRig/Content/Controls/ControlRig_Sphere_3mm.uasset" 396
"../../../Engine/Plugins/Animation/ControlRig/Content/Controls/ControlRig_Sphere_3mm.uexp" 397
"../../../Engine/Plugins/Animation/ControlRig/Content/Controls/ControlRig_Sphere_1mm.uasset" 398
"../../../Engine/Plugins/Animation/ControlRig/Content/Controls/ControlRig_Sphere_1mm.uexp" 399
"../../../Engine/Plugins/Animation/ControlRig/Content/Controls/ControlRig_RoundedTriangle_solid.uasset" 400
"../../../Engine/Plugins/Animation/ControlRig/Content/Controls/ControlRig_RoundedTriangle_solid.uexp" 401
"../../../Engine/Plugins/Animation/ControlRig/Content/Controls/ControlRig_RoundedTriangle_3mm.uasset" 402
"../../../Engine/Plugins/Animation/ControlRig/Content/Controls/ControlRig_RoundedTriangle_3mm.uexp" 403
"../../../Engine/Plugins/Animation/ControlRig/Content/Controls/ControlRig_RoundedTriangle_1mm.uasset" 404
"../../../Engine/Plugins/Animation/ControlRig/Content/Controls/ControlRig_RoundedTriangle_1mm.uexp" 405
"../../../Engine/Plugins/Animation/ControlRig/Content/Controls/ControlRig_RoundedSquare_solid.uasset" 406
"../../../Engine/Plugins/Animation/ControlRig/Content/Controls/ControlRig_RoundedSquare_solid.uexp" 407
"../../../Engine/Plugins/Animation/ControlRig/Content/Controls/ControlRig_RoundedSquare_3mm.uasset" 408
"../../../Engine/Plugins/Animation/ControlRig/Content/Controls/ControlRig_RoundedSquare_3mm.uexp" 409
"../../../Engine/Plugins/Animation/ControlRig/Content/Controls/ControlRig_RoundedSquare_1mm.uasset" 410
"../../../Engine/Plugins/Animation/ControlRig/Content/Controls/ControlRig_RoundedSquare_1mm.uexp" 411
"../../../Engine/Plugins/Animation/ControlRig/Content/Controls/ControlRig_QuarterCircle_solid.uasset" 412
"../../../Engine/Plugins/Animation/ControlRig/Content/Controls/ControlRig_QuarterCircle_solid.uexp" 413
"../../../Engine/Plugins/Animation/ControlRig/Content/Controls/ControlRig_QuarterCircle_3mm.uasset" 414
"../../../Engine/Plugins/Animation/ControlRig/Content/Controls/ControlRig_QuarterCircle_3mm.uexp" 415
"../../../Engine/Plugins/Animation/ControlRig/Content/Controls/ControlRig_QuarterCircle_1mm.uasset" 416
"../../../Engine/Plugins/Animation/ControlRig/Content/Controls/ControlRig_QuarterCircle_1mm.uexp" 417
"../../../Engine/Plugins/Animation/ControlRig/Content/Controls/ControlRig_Pyramid_solid.uasset" 418
"../../../Engine/Plugins/Animation/ControlRig/Content/Controls/ControlRig_Pyramid_solid.uexp" 419
"../../../Engine/Plugins/Animation/ControlRig/Content/Controls/ControlRig_Pyramid_3mm.uasset" 420
"../../../Engine/Plugins/Animation/ControlRig/Content/Controls/ControlRig_Pyramid_3mm.uexp" 421
"../../../Engine/Plugins/Animation/ControlRig/Content/Controls/ControlRig_Pyramid_1mm.uasset" 422
"../../../Engine/Plugins/Animation/ControlRig/Content/Controls/ControlRig_Pyramid_1mm.uexp" 423
"../../../Engine/Plugins/Animation/ControlRig/Content/Controls/ControlRig_Octagon_solid.uasset" 424
"../../../Engine/Plugins/Animation/ControlRig/Content/Controls/ControlRig_Octagon_solid.uexp" 425
"../../../Engine/Plugins/Animation/ControlRig/Content/Controls/ControlRig_Octagon_3mm.uasset" 426
"../../../Engine/Plugins/Animation/ControlRig/Content/Controls/ControlRig_Octagon_3mm.uexp" 427
"../../../Engine/Plugins/Animation/ControlRig/Content/Controls/ControlRig_Octagon_1mm.uasset" 428
"../../../Engine/Plugins/Animation/ControlRig/Content/Controls/ControlRig_Octagon_1mm.uexp" 429
"../../../Engine/Plugins/Animation/ControlRig/Content/Controls/ControlRig_Hexagon_solid.uasset" 430
"../../../Engine/Plugins/Animation/ControlRig/Content/Controls/ControlRig_Hexagon_solid.uexp" 431
"../../../Engine/Plugins/Animation/ControlRig/Content/Controls/ControlRig_Hexagon_3mm.uasset" 432
"../../../Engine/Plugins/Animation/ControlRig/Content/Controls/ControlRig_Hexagon_3mm.uexp" 433
"../../../Engine/Plugins/Animation/ControlRig/Content/Controls/ControlRig_Hexagon_1mm.uasset" 434
"../../../Engine/Plugins/Animation/ControlRig/Content/Controls/ControlRig_Hexagon_1mm.uexp" 435
"../../../Engine/Plugins/Animation/ControlRig/Content/Controls/ControlRig_HalfCircle_solid.uasset" 436
"../../../Engine/Plugins/Animation/ControlRig/Content/Controls/ControlRig_HalfCircle_solid.uexp" 437
"../../../Engine/Plugins/Animation/ControlRig/Content/Controls/ControlRig_HalfCircle_3mm.uasset" 438
"../../../Engine/Plugins/Animation/ControlRig/Content/Controls/ControlRig_HalfCircle_3mm.uexp" 439
"../../../Engine/Plugins/Animation/ControlRig/Content/Controls/ControlRig_HalfCircle_1mm.uasset" 440
"../../../Engine/Plugins/Animation/ControlRig/Content/Controls/ControlRig_HalfCircle_1mm.uexp" 441
"../../../Engine/Plugins/Animation/ControlRig/Content/Controls/ControlRig_Diamond_solid.uasset" 442
"../../../Engine/Plugins/Animation/ControlRig/Content/Controls/ControlRig_Diamond_solid.uexp" 443
"../../../Engine/Plugins/Animation/ControlRig/Content/Controls/ControlRig_Diamond_3mm.uasset" 444
"../../../Engine/Plugins/Animation/ControlRig/Content/Controls/ControlRig_Diamond_3mm.uexp" 445
"../../../Engine/Plugins/Animation/ControlRig/Content/Controls/ControlRig_Diamond_1mm.uasset" 446
"../../../Engine/Plugins/Animation/ControlRig/Content/Controls/ControlRig_Diamond_1mm.uexp" 447
"../../../Engine/Plugins/Animation/ControlRig/Content/Controls/ControlRig_Circle_solid.uasset" 448
"../../../Engine/Plugins/Animation/ControlRig/Content/Controls/ControlRig_Circle_solid.uexp" 449
"../../../Engine/Plugins/Animation/ControlRig/Content/Controls/ControlRig_Circle_3mm.uasset" 450
"../../../Engine/Plugins/Animation/ControlRig/Content/Controls/ControlRig_Circle_3mm.uexp" 451
"../../../Engine/Plugins/Animation/ControlRig/Content/Controls/ControlRig_Circle_1mm.uasset" 452
"../../../Engine/Plugins/Animation/ControlRig/Content/Controls/ControlRig_Circle_1mm.uexp" 453
"../../../Engine/Plugins/Animation/ControlRig/Content/Controls/ControlRig_Box_solid.uasset" 454
"../../../Engine/Plugins/Animation/ControlRig/Content/Controls/ControlRig_Box_solid.uexp" 455
"../../../Engine/Plugins/Animation/ControlRig/Content/Controls/ControlRig_Box_3mm.uasset" 456
"../../../Engine/Plugins/Animation/ControlRig/Content/Controls/ControlRig_Box_3mm.uexp" 457
"../../../Engine/Plugins/Animation/ControlRig/Content/Controls/ControlRig_Box_1mm.uasset" 458
"../../../Engine/Plugins/Animation/ControlRig/Content/Controls/ControlRig_Box_1mm.uexp" 459
"../../../Engine/Plugins/Animation/ControlRig/Content/Controls/ControlRig_Arrow_solid.uasset" 460
"../../../Engine/Plugins/Animation/ControlRig/Content/Controls/ControlRig_Arrow_solid.uexp" 461
"../../../Engine/Plugins/Animation/ControlRig/Content/Controls/ControlRig_Arrow_3mm.uasset" 462
"../../../Engine/Plugins/Animation/ControlRig/Content/Controls/ControlRig_Arrow_3mm.uexp" 463
"../../../Engine/Plugins/Animation/ControlRig/Content/Controls/ControlRig_Arrow_1mm.uasset" 464
"../../../Engine/Plugins/Animation/ControlRig/Content/Controls/ControlRig_Arrow_1mm.uexp" 465
"../../../Engine/Plugins/Animation/ControlRig/Content/Controls/ControlRig_Arrow4_solid.uasset" 466
"../../../Engine/Plugins/Animation/ControlRig/Content/Controls/ControlRig_Arrow4_solid.uexp" 467
"../../../Engine/Plugins/Animation/ControlRig/Content/Controls/ControlRig_Arrow4_3mm.uasset" 468
"../../../Engine/Plugins/Animation/ControlRig/Content/Controls/ControlRig_Arrow4_3mm.uexp" 469
"../../../Engine/Plugins/Animation/ControlRig/Content/Controls/ControlRig_Arrow4_1mm.uasset" 470
"../../../Engine/Plugins/Animation/ControlRig/Content/Controls/ControlRig_Arrow4_1mm.uexp" 471
"../../../Engine/Plugins/Animation/ControlRig/Content/Controls/ControlRig_Arrow2_solid.uasset" 472
"../../../Engine/Plugins/Animation/ControlRig/Content/Controls/ControlRig_Arrow2_solid.uexp" 473
"../../../Engine/Plugins/Animation/ControlRig/Content/Controls/ControlRig_Arrow2_3mm.uasset" 474
"../../../Engine/Plugins/Animation/ControlRig/Content/Controls/ControlRig_Arrow2_3mm.uexp" 475
"../../../Engine/Plugins/Animation/ControlRig/Content/Controls/ControlRig_Arrow2_1mm.uasset" 476
"../../../Engine/Plugins/Animation/ControlRig/Content/Controls/ControlRig_Arrow2_1mm.uexp" 477
"../../../Engine/Plugins/Animation/ControlRig/Content/Controls/ControlRigXRayMaterial.uasset" 478
"../../../Engine/Plugins/Animation/ControlRig/Content/Controls/ControlRigXRayMaterial.uexp" 479
"../../../Engine/Plugins/Animation/ControlRig/Content/Controls/ControlRigGizmoMaterial.uasset" 480
"../../../Engine/Plugins/Animation/ControlRig/Content/Controls/ControlRigGizmoMaterial.uexp" 481
"../../../Engine/Plugins/2D/Paper2D/Content/PlaceholderTextures/DummySpriteTexture.ubulk" 482
"../../../Engine/Plugins/2D/Paper2D/Content/PlaceholderTextures/DummySpriteTexture.uasset" 483
"../../../Engine/Plugins/2D/Paper2D/Content/PlaceholderTextures/DummySpriteTexture.uexp" 484
"../../../Engine/Plugins/2D/Paper2D/Content/DefaultSpriteMaterial.uasset" 485
"../../../Engine/Plugins/2D/Paper2D/Content/DefaultSpriteMaterial.uexp" 486
"../../../Engine/Plugins/2D/Paper2D/Content/OpaqueUnlitSpriteMaterial.uasset" 487
"../../../Engine/Plugins/2D/Paper2D/Content/OpaqueUnlitSpriteMaterial.uexp" 488
"../../../Engine/Plugins/2D/Paper2D/Content/MaskedUnlitSpriteMaterial.uasset" 489
"../../../Engine/Plugins/2D/Paper2D/Content/MaskedUnlitSpriteMaterial.uexp" 490
"../../../Engine/Plugins/2D/Paper2D/Content/DummySprite.uasset" 491
"../../../Engine/Plugins/2D/Paper2D/Content/DummySprite.uexp" 492
"../../../Engine/Plugins/2D/Paper2D/Content/DefaultPaperTerrainMaterial.uasset" 493
"../../../Engine/Plugins/2D/Paper2D/Content/DefaultPaperTerrainMaterial.uexp" 494
"../../../Engine/Content/Functions/Engine_MaterialFunctions02/Texturing/CustomRotator.uasset" 495
"../../../Engine/Content/Functions/Engine_MaterialFunctions02/Texturing/CustomRotator.uexp" 496
"../../../Engine/Content/Functions/Engine_MaterialFunctions02/Texturing/ScreenAlignedPixelToPixelUVs.uasset" 497
"../../../Engine/Content/Functions/Engine_MaterialFunctions02/Texturing/ScreenAlignedPixelToPixelUVs.uexp" 498
"../../../Engine/Plugins/Interchange/Runtime/Content/Utilities/T_Bayer64_Grayscale_64px.uasset" 499
"../../../Engine/Plugins/Interchange/Runtime/Content/Utilities/T_Bayer64_Grayscale_64px.uexp" 500
"../../../Engine/Plugins/Interchange/Runtime/Content/gltf/MaterialFunctions/MF_Temporal_Blur.uasset" 501
"../../../Engine/Plugins/Interchange/Runtime/Content/gltf/MaterialFunctions/MF_Temporal_Blur.uexp" 502
"../../../Engine/Plugins/Interchange/Runtime/Content/gltf/MaterialFunctions/MF_Fresnel_DS.uasset" 503
"../../../Engine/Plugins/Interchange/Runtime/Content/gltf/MaterialFunctions/MF_Fresnel_DS.uexp" 504
"../../../Engine/Plugins/Interchange/Runtime/Content/Functions/MX_Transmission.uasset" 505
"../../../Engine/Plugins/Interchange/Runtime/Content/Functions/MX_Transmission.uexp" 506
"../../../Engine/Plugins/Interchange/Runtime/Content/Functions/MF_OrenNayerView.uasset" 507
"../../../Engine/Plugins/Interchange/Runtime/Content/Functions/MF_OrenNayerView.uexp" 508
"../../../Engine/Plugins/Interchange/Runtime/Content/Functions/MF_SchlickApprox.uasset" 509
"../../../Engine/Plugins/Interchange/Runtime/Content/Functions/MF_SchlickApprox.uexp" 510
"../../../Engine/Plugins/Interchange/Runtime/Content/Utilities/New_LUT.uasset" 511
"../../../Engine/Plugins/Interchange/Runtime/Content/Utilities/New_LUT.uexp" 512
"../../../Engine/Content/Functions/Engine_MaterialFunctions03/Math/RemapValueRange.uasset" 513
"../../../Engine/Content/Functions/Engine_MaterialFunctions03/Math/RemapValueRange.uexp" 514
"../../../Engine/Plugins/Interchange/Runtime/Content/Functions/MF_Iridescence.uasset" 515
"../../../Engine/Plugins/Interchange/Runtime/Content/Functions/MF_Iridescence.uexp" 516
"../../../Engine/Plugins/Interchange/Runtime/Content/Functions/MX_StandardSurface.uasset" 517
"../../../Engine/Plugins/Interchange/Runtime/Content/Functions/MX_StandardSurface.uexp" 518
"../../../Engine/Plugins/Interchange/Runtime/Content/Functions/MX_TransmissionSurface.uasset" 519
"../../../Engine/Plugins/Interchange/Runtime/Content/Functions/MX_TransmissionSurface.uexp" 520
"../../../Engine/Content/Functions/Engine_MaterialFunctions02/Math/AddComponents.uasset" 521
"../../../Engine/Content/Functions/Engine_MaterialFunctions02/Math/AddComponents.uexp" 522
"../../../Engine/Content/Functions/Engine_MaterialFunctions02/WorldPositionOffset/V2/ObjectScale.uasset" 523
"../../../Engine/Content/Functions/Engine_MaterialFunctions02/WorldPositionOffset/V2/ObjectScale.uexp" 524
"../../../Engine/Plugins/Interchange/Runtime/Content/gltf/MaterialFunctions/MF_TransmissionOpacity.uasset" 525
"../../../Engine/Plugins/Interchange/Runtime/Content/gltf/MaterialFunctions/MF_TransmissionOpacity.uexp" 526
"../../../Engine/Plugins/Interchange/Runtime/Content/gltf/MaterialFunctions/MF_RotateV2.uasset" 527
"../../../Engine/Plugins/Interchange/Runtime/Content/gltf/MaterialFunctions/MF_RotateV2.uexp" 528
"../../../Engine/Plugins/Interchange/Runtime/Content/gltf/MaterialFunctions/MF_TransformUVs.uasset" 529
"../../../Engine/Plugins/Interchange/Runtime/Content/gltf/MaterialFunctions/MF_TransformUVs.uexp" 530
"../../../Engine/Plugins/Interchange/Runtime/Content/gltf/Textures/T_White_srgb.uasset" 531
"../../../Engine/Plugins/Interchange/Runtime/Content/gltf/Textures/T_White_srgb.uexp" 532
"../../../Engine/Plugins/Interchange/Runtime/Content/gltf/MaterialFunctions/MF_BaseColor.uasset" 533
"../../../Engine/Plugins/Interchange/Runtime/Content/gltf/MaterialFunctions/MF_BaseColor.uexp" 534
"../../../Engine/Plugins/Interchange/Runtime/Content/gltf/MaterialFunctions/MF_DiffuseSpecGloss.uasset" 535
"../../../Engine/Plugins/Interchange/Runtime/Content/gltf/MaterialFunctions/MF_DiffuseSpecGloss.uexp" 536
"../../../Engine/Plugins/Interchange/Runtime/Content/gltf/Textures/T_White_Linear.uasset" 537
"../../../Engine/Plugins/Interchange/Runtime/Content/gltf/Textures/T_White_Linear.uexp" 538
"../../../Engine/Plugins/Interchange/Runtime/Content/gltf/MaterialFunctions/MF_MetallicRoughness.uasset" 539
"../../../Engine/Plugins/Interchange/Runtime/Content/gltf/MaterialFunctions/MF_MetallicRoughness.uexp" 540
"../../../Engine/Plugins/Interchange/Runtime/Content/gltf/MaterialFunctions/MF_Transmission.uasset" 541
"../../../Engine/Plugins/Interchange/Runtime/Content/gltf/MaterialFunctions/MF_Transmission.uexp" 542
"../../../Engine/Plugins/Interchange/Runtime/Content/gltf/MaterialFunctions/MF_Occlusion.uasset" 543
"../../../Engine/Plugins/Interchange/Runtime/Content/gltf/MaterialFunctions/MF_Occlusion.uexp" 544
"../../../Engine/Plugins/Interchange/Runtime/Content/gltf/MaterialFunctions/MF_Specular.uasset" 545
"../../../Engine/Plugins/Interchange/Runtime/Content/gltf/MaterialFunctions/MF_Specular.uexp" 546
"../../../Engine/Plugins/Interchange/Runtime/Content/gltf/MaterialFunctions/MF_IOR.uasset" 547
"../../../Engine/Plugins/Interchange/Runtime/Content/gltf/MaterialFunctions/MF_IOR.uexp" 548
"../../../Engine/Content/Functions/Engine_MaterialFunctions01/Texturing/FlattenNormal.uasset" 549
"../../../Engine/Content/Functions/Engine_MaterialFunctions01/Texturing/FlattenNormal.uexp" 550
"../../../Engine/Content/Functions/Engine_MaterialFunctions02/Math/Transform3x3Matrix.uasset" 551
"../../../Engine/Content/Functions/Engine_MaterialFunctions02/Math/Transform3x3Matrix.uexp" 552
"../../../Engine/Plugins/Interchange/Runtime/Content/gltf/MaterialFunctions/MF_RotateNormals_TS.uasset" 553
"../../../Engine/Plugins/Interchange/Runtime/Content/gltf/MaterialFunctions/MF_RotateNormals_TS.uexp" 554
"../../../Engine/Plugins/Interchange/Runtime/Content/gltf/Textures/T_Generic_N.uasset" 555
"../../../Engine/Plugins/Interchange/Runtime/Content/gltf/Textures/T_Generic_N.uexp" 556
"../../../Engine/Plugins/Interchange/Runtime/Content/gltf/MaterialFunctions/MF_Normals.uasset" 557
"../../../Engine/Plugins/Interchange/Runtime/Content/gltf/MaterialFunctions/MF_Normals.uexp" 558
"../../../Engine/Plugins/Interchange/Runtime/Content/gltf/MaterialFunctions/MF_PerceivedBrightness.uasset" 559
"../../../Engine/Plugins/Interchange/Runtime/Content/gltf/MaterialFunctions/MF_PerceivedBrightness.uexp" 560
"../../../Engine/Plugins/Interchange/Runtime/Content/gltf/MaterialFunctions/MF_SpecGlossToMetalRoughness.uasset" 561
"../../../Engine/Plugins/Interchange/Runtime/Content/gltf/MaterialFunctions/MF_SpecGlossToMetalRoughness.uexp" 562
"../../../Engine/Plugins/Interchange/Runtime/Content/gltf/M_Transmission.uasset" 563
"../../../Engine/Plugins/Interchange/Runtime/Content/gltf/M_Transmission.uexp" 564
"../../../Engine/Plugins/Interchange/Runtime/Content/gltf/MaterialInstances_MR/MI_Transmission_TS.uasset" 565
"../../../Engine/Plugins/Interchange/Runtime/Content/gltf/MaterialInstances_MR/MI_Transmission_TS.uexp" 566
"../../../Engine/Plugins/Interchange/Runtime/Content/gltf/MaterialInstances_MR/MI_Transmission.uasset" 567
"../../../Engine/Plugins/Interchange/Runtime/Content/gltf/MaterialInstances_MR/MI_Transmission.uexp" 568
"../../../Engine/Plugins/Interchange/Runtime/Content/gltf/MaterialFunctions/MF_Clearcoat.uasset" 569
"../../../Engine/Plugins/Interchange/Runtime/Content/gltf/MaterialFunctions/MF_Clearcoat.uexp" 570
"../../../Engine/Plugins/Interchange/Runtime/Content/gltf/MaterialFunctions/MF_Emissive.uasset" 571
"../../../Engine/Plugins/Interchange/Runtime/Content/gltf/MaterialFunctions/MF_Emissive.uexp" 572
"../../../Engine/Plugins/Interchange/Runtime/Content/gltf/M_Translucent.uasset" 573
"../../../Engine/Plugins/Interchange/Runtime/Content/gltf/M_Translucent.uexp" 574
"../../../Engine/Plugins/Interchange/Runtime/Content/gltf/MaterialInstances_MR/MI_Translucent_TS.uasset" 575
"../../../Engine/Plugins/Interchange/Runtime/Content/gltf/MaterialInstances_MR/MI_Translucent_TS.uexp" 576
"../../../Engine/Plugins/Interchange/Runtime/Content/gltf/MaterialInstances_MR/MI_Translucent_ClearCoat_TS.uasset" 577
"../../../Engine/Plugins/Interchange/Runtime/Content/gltf/MaterialInstances_MR/MI_Translucent_ClearCoat_TS.uexp" 578
"../../../Engine/Plugins/Interchange/Runtime/Content/gltf/MaterialInstances_MR/MI_Translucent_ClearCoat.uasset" 579
"../../../Engine/Plugins/Interchange/Runtime/Content/gltf/MaterialInstances_MR/MI_Translucent_ClearCoat.uexp" 580
"../../../Engine/Plugins/Interchange/Runtime/Content/gltf/MaterialInstances_MR/MI_Translucent.uasset" 581
"../../../Engine/Plugins/Interchange/Runtime/Content/gltf/MaterialInstances_MR/MI_Translucent.uexp" 582
"../../../Engine/Plugins/Interchange/Runtime/Content/gltf/M_Unlit.uasset" 583
"../../../Engine/Plugins/Interchange/Runtime/Content/gltf/M_Unlit.uexp" 584
"../../../Engine/Plugins/Interchange/Runtime/Content/gltf/MaterialInstances_MR/MI_Opaque_Unlit_TS.uasset" 585
"../../../Engine/Plugins/Interchange/Runtime/Content/gltf/MaterialInstances_MR/MI_Opaque_Unlit_TS.uexp" 586
"../../../Engine/Plugins/Interchange/Runtime/Content/gltf/MaterialInstances_MR/MI_Opaque_Unlit.uasset" 587
"../../../Engine/Plugins/Interchange/Runtime/Content/gltf/MaterialInstances_MR/MI_Opaque_Unlit.uexp" 588
"../../../Engine/Plugins/Interchange/Runtime/Content/gltf/M_Opaque.uasset" 589
"../../../Engine/Plugins/Interchange/Runtime/Content/gltf/M_Opaque.uexp" 590
"../../../Engine/Plugins/Interchange/Runtime/Content/gltf/MaterialInstances_MR/MI_Opaque_TS.uasset" 591
"../../../Engine/Plugins/Interchange/Runtime/Content/gltf/MaterialInstances_MR/MI_Opaque_TS.uexp" 592
"../../../Engine/Plugins/Interchange/Runtime/Content/gltf/MaterialFunctions/MF_Sheen.uasset" 593
"../../../Engine/Plugins/Interchange/Runtime/Content/gltf/MaterialFunctions/MF_Sheen.uexp" 594
"../../../Engine/Content/Functions/Engine_MaterialFunctions01/Shading/FuzzyShading.uasset" 595
"../../../Engine/Content/Functions/Engine_MaterialFunctions01/Shading/FuzzyShading.uexp" 596
"../../../Engine/Plugins/Interchange/Runtime/Content/gltf/M_Sheen.uasset" 597
"../../../Engine/Plugins/Interchange/Runtime/Content/gltf/M_Sheen.uexp" 598
"../../../Engine/Plugins/Interchange/Runtime/Content/gltf/MaterialInstances_MR/MI_Opaque_Sheen_TS.uasset" 599
"../../../Engine/Plugins/Interchange/Runtime/Content/gltf/MaterialInstances_MR/MI_Opaque_Sheen_TS.uexp" 600
"../../../Engine/Plugins/Interchange/Runtime/Content/gltf/MaterialInstances_MR/MI_Opaque_Sheen.uasset" 601
"../../../Engine/Plugins/Interchange/Runtime/Content/gltf/MaterialInstances_MR/MI_Opaque_Sheen.uexp" 602
"../../../Engine/Plugins/Interchange/Runtime/Content/gltf/MaterialInstances_MR/MI_Opaque_ClearCoat_TS.uasset" 603
"../../../Engine/Plugins/Interchange/Runtime/Content/gltf/MaterialInstances_MR/MI_Opaque_ClearCoat_TS.uexp" 604
"../../../Engine/Plugins/Interchange/Runtime/Content/gltf/MaterialInstances_MR/MI_Opaque_ClearCoat.uasset" 605
"../../../Engine/Plugins/Interchange/Runtime/Content/gltf/MaterialInstances_MR/MI_Opaque_ClearCoat.uexp" 606
"../../../Engine/Plugins/Interchange/Runtime/Content/gltf/MaterialInstances_MR/MI_Opaque.uasset" 607
"../../../Engine/Plugins/Interchange/Runtime/Content/gltf/MaterialInstances_MR/MI_Opaque.uexp" 608
"../../../Engine/Plugins/Interchange/Runtime/Content/gltf/MaterialInstances_SG/MI_Transmission_TS.uasset" 609
"../../../Engine/Plugins/Interchange/Runtime/Content/gltf/MaterialInstances_SG/MI_Transmission_TS.uexp" 610
"../../../Engine/Plugins/Interchange/Runtime/Content/gltf/MaterialInstances_SG/MI_Transmission.uasset" 611
"../../../Engine/Plugins/Interchange/Runtime/Content/gltf/MaterialInstances_SG/MI_Transmission.uexp" 612
"../../../Engine/Plugins/Interchange/Runtime/Content/gltf/MaterialInstances_SG/MI_Translucent_TS.uasset" 613
"../../../Engine/Plugins/Interchange/Runtime/Content/gltf/MaterialInstances_SG/MI_Translucent_TS.uexp" 614
"../../../Engine/Plugins/Interchange/Runtime/Content/gltf/MaterialInstances_SG/MI_Translucent_ClearCoat_TS.uasset" 615
"../../../Engine/Plugins/Interchange/Runtime/Content/gltf/MaterialInstances_SG/MI_Translucent_ClearCoat_TS.uexp" 616
"../../../Engine/Plugins/Interchange/Runtime/Content/gltf/MaterialInstances_SG/MI_Translucent_ClearCoat.uasset" 617
"../../../Engine/Plugins/Interchange/Runtime/Content/gltf/MaterialInstances_SG/MI_Translucent_ClearCoat.uexp" 618
"../../../Engine/Plugins/Interchange/Runtime/Content/gltf/MaterialInstances_SG/MI_Translucent.uasset" 619
"../../../Engine/Plugins/Interchange/Runtime/Content/gltf/MaterialInstances_SG/MI_Translucent.uexp" 620
"../../../Engine/Plugins/Interchange/Runtime/Content/gltf/MaterialInstances_SG/MI_Opaque_TS.uasset" 621
"../../../Engine/Plugins/Interchange/Runtime/Content/gltf/MaterialInstances_SG/MI_Opaque_TS.uexp" 622
"../../../Engine/Plugins/Interchange/Runtime/Content/gltf/MaterialInstances_SG/MI_Opaque_Sheen_TS.uasset" 623
"../../../Engine/Plugins/Interchange/Runtime/Content/gltf/MaterialInstances_SG/MI_Opaque_Sheen_TS.uexp" 624
"../../../Engine/Plugins/Interchange/Runtime/Content/gltf/MaterialInstances_SG/MI_Opaque_Sheen.uasset" 625
"../../../Engine/Plugins/Interchange/Runtime/Content/gltf/MaterialInstances_SG/MI_Opaque_Sheen.uexp" 626
"../../../Engine/Plugins/Interchange/Runtime/Content/gltf/MaterialInstances_SG/MI_Opaque_ClearCoat_TS.uasset" 627
"../../../Engine/Plugins/Interchange/Runtime/Content/gltf/MaterialInstances_SG/MI_Opaque_ClearCoat_TS.uexp" 628
"../../../Engine/Plugins/Interchange/Runtime/Content/gltf/MaterialInstances_SG/MI_Opaque_ClearCoat.uasset" 629
"../../../Engine/Plugins/Interchange/Runtime/Content/gltf/MaterialInstances_SG/MI_Opaque_ClearCoat.uexp" 630
"../../../Engine/Plugins/Interchange/Runtime/Content/gltf/MaterialInstances_SG/MI_Opaque.uasset" 631
"../../../Engine/Plugins/Interchange/Runtime/Content/gltf/MaterialInstances_SG/MI_Opaque.uexp" 632
"../../../Engine/Plugins/Interchange/Runtime/Content/gltf/Textures/T_Gray_Linear.uasset" 633
"../../../Engine/Plugins/Interchange/Runtime/Content/gltf/Textures/T_Gray_Linear.uexp" 634
"../../../Engine/Plugins/Interchange/Runtime/Content/gltf/Textures/T_Black_srgb.uasset" 635
"../../../Engine/Plugins/Interchange/Runtime/Content/gltf/Textures/T_Black_srgb.uexp" 636
"../../../Engine/Plugins/Interchange/Runtime/Content/Materials/UnlitMaterial.uasset" 637
"../../../Engine/Plugins/Interchange/Runtime/Content/Materials/UnlitMaterial.uexp" 638
"../../../Engine/Content/EngineMaterials/DefaultNormal.ubulk" 639
"../../../Engine/Content/EngineMaterials/DefaultNormal.uasset" 640
"../../../Engine/Content/EngineMaterials/DefaultNormal.uexp" 641
"../../../Engine/Plugins/Interchange/Runtime/Content/Materials/MapOrScalarFunction.uasset" 642
"../../../Engine/Plugins/Interchange/Runtime/Content/Materials/MapOrScalarFunction.uexp" 643
"../../../Engine/Plugins/Interchange/Runtime/Content/Materials/MapOrLinearColorFunction.uasset" 644
"../../../Engine/Plugins/Interchange/Runtime/Content/Materials/MapOrLinearColorFunction.uexp" 645
"../../../Engine/Plugins/Interchange/Runtime/Content/Materials/MapOrColorFunction.uasset" 646
"../../../Engine/Plugins/Interchange/Runtime/Content/Materials/MapOrColorFunction.uexp" 647
"../../../Engine/Plugins/Interchange/Runtime/Content/Materials/CommonMaterial.uasset" 648
"../../../Engine/Plugins/Interchange/Runtime/Content/Materials/CommonMaterial.uexp" 649
"../../../Engine/Plugins/Interchange/Runtime/Content/Materials/PBRSurfaceFunction.uasset" 650
"../../../Engine/Plugins/Interchange/Runtime/Content/Materials/PBRSurfaceFunction.uexp" 651
"../../../Engine/Plugins/Interchange/Runtime/Content/Materials/ThinTranslucentMaterial.uasset" 652
"../../../Engine/Plugins/Interchange/Runtime/Content/Materials/ThinTranslucentMaterial.uexp" 653
"../../../Engine/Plugins/Interchange/Runtime/Content/Materials/SubsurfaceMaterial.uasset" 654
"../../../Engine/Plugins/Interchange/Runtime/Content/Materials/SubsurfaceMaterial.uexp" 655
"../../../Engine/Plugins/Interchange/Runtime/Content/Materials/SheenMaterial.uasset" 656
"../../../Engine/Plugins/Interchange/Runtime/Content/Materials/SheenMaterial.uexp" 657
"../../../Engine/Content/Functions/Engine_MaterialFunctions01/Shading/ConvertFromDiffSpec.uasset" 658
"../../../Engine/Content/Functions/Engine_MaterialFunctions01/Shading/ConvertFromDiffSpec.uexp" 659
"../../../Engine/Plugins/Interchange/Runtime/Content/Materials/PhongSurfaceMaterial.uasset" 660
"../../../Engine/Plugins/Interchange/Runtime/Content/Materials/PhongSurfaceMaterial.uexp" 661
"../../../Engine/Plugins/Interchange/Runtime/Content/Materials/PBRSurfaceMaterial.uasset" 662
"../../../Engine/Plugins/Interchange/Runtime/Content/Materials/PBRSurfaceMaterial.uexp" 663
"../../../Engine/Content/EngineMaterials/FlatNormal.uasset" 664
"../../../Engine/Content/EngineMaterials/FlatNormal.uexp" 665
"../../../Engine/Content/EditorLandscapeResources/WhiteSquareTexture.uasset" 666
"../../../Engine/Content/EditorLandscapeResources/WhiteSquareTexture.uexp" 667
"../../../Engine/Plugins/Interchange/Runtime/Content/Materials/OrenNayerMaterial.uasset" 668
"../../../Engine/Plugins/Interchange/Runtime/Content/Materials/OrenNayerMaterial.uexp" 669
"../../../Engine/Plugins/Interchange/Runtime/Content/Materials/LambertSurfaceMaterial.uasset" 670
"../../../Engine/Plugins/Interchange/Runtime/Content/Materials/LambertSurfaceMaterial.uexp" 671
"../../../Engine/Plugins/Interchange/Runtime/Content/Materials/ClearCoatMaterial.uasset" 672
"../../../Engine/Plugins/Interchange/Runtime/Content/Materials/ClearCoatMaterial.uexp" 673
"../../../Engine/Plugins/Interchange/Runtime/Content/Pipelines/DefaultTexturePipeline.uasset" 674
"../../../Engine/Plugins/Interchange/Runtime/Content/Pipelines/DefaultTexturePipeline.uexp" 675
"../../../Engine/Plugins/Interchange/Runtime/Content/Pipelines/DefaultSceneLevelPipeline.uasset" 676
"../../../Engine/Plugins/Interchange/Runtime/Content/Pipelines/DefaultSceneLevelPipeline.uexp" 677
"../../../Engine/Plugins/Interchange/Runtime/Content/Pipelines/DefaultSceneAssetsPipeline.uasset" 678
"../../../Engine/Plugins/Interchange/Runtime/Content/Pipelines/DefaultSceneAssetsPipeline.uexp" 679
"../../../Engine/Plugins/Interchange/Runtime/Content/Pipelines/DefaultMaterialPipeline.uasset" 680
"../../../Engine/Plugins/Interchange/Runtime/Content/Pipelines/DefaultMaterialPipeline.uexp" 681
"../../../Engine/Plugins/Interchange/Runtime/Content/Pipelines/DefaultAssetsPipeline.uasset" 682
"../../../Engine/Plugins/Interchange/Runtime/Content/Pipelines/DefaultAssetsPipeline.uexp" 683
"../../../Engine/Plugins/Runtime/MeshModelingToolset/Content/Materials/M_DynamicMeshComponentVtxColor.uasset" 684
"../../../Engine/Plugins/Runtime/MeshModelingToolset/Content/Materials/M_DynamicMeshComponentVtxColor.uexp" 685
"../../../Engine/Content/Functions/Engine_MaterialFunctions01/Texturing/ScaleUVsByCenter.uasset" 686
"../../../Engine/Content/Functions/Engine_MaterialFunctions01/Texturing/ScaleUVsByCenter.uexp" 687
"E:/Programming/Games/Unreal/highfleet-starsector-combo/Starfleet/Content/LevelPrototyping/Textures/ground_grid.uasset" 688
"E:/Programming/Games/Unreal/highfleet-starsector-combo/Starfleet/Content/LevelPrototyping/Textures/ground_grid.uexp" 689
"../../../Engine/Content/EngineMaterials/Good64x64TilingNoiseHighFreq.uasset" 690
"../../../Engine/Content/EngineMaterials/Good64x64TilingNoiseHighFreq.uexp" 691
"../../../Engine/Content/Functions/Engine_MaterialFunctions02/Utility/DitherTemporalAA.uasset" 692
"../../../Engine/Content/Functions/Engine_MaterialFunctions02/Utility/DitherTemporalAA.uexp" 693
"E:/Programming/Games/Unreal/highfleet-starsector-combo/Starfleet/Content/LevelPrototyping/Materials/M_GroundPlaneGrid.uasset" 694
"E:/Programming/Games/Unreal/highfleet-starsector-combo/Starfleet/Content/LevelPrototyping/Materials/M_GroundPlaneGrid.uexp" 695
"E:/Programming/Games/Unreal/highfleet-starsector-combo/Starfleet/Content/Maps/Loading_HLODLayer_Merged.uasset" 696
"E:/Programming/Games/Unreal/highfleet-starsector-combo/Starfleet/Content/Maps/Loading_HLODLayer_Merged.uexp" 697
"E:/Programming/Games/Unreal/highfleet-starsector-combo/Starfleet/Content/Materials/Skybox/my_skybox.uasset" 698
"E:/Programming/Games/Unreal/highfleet-starsector-combo/Starfleet/Content/Materials/Skybox/my_skybox.uexp" 699
"E:/Programming/Games/Unreal/highfleet-starsector-combo/Starfleet/Content/Materials/Skybox/my_skybox_material.uasset" 700
"E:/Programming/Games/Unreal/highfleet-starsector-combo/Starfleet/Content/Materials/Skybox/my_skybox_material.uexp" 701
"../../../Engine/Content/Maps/Entry_BuiltData.uasset" 702
"../../../Engine/Content/Maps/Entry_BuiltData.uexp" 703
"../../../Engine/Content/Maps/Entry.uexp" 704
"../../../Engine/Content/Maps/Entry.umap" 705
"../../../Engine/Content/Maps/Templates/HLODs/HLODLayer_Instanced.uasset" 706
"../../../Engine/Content/Maps/Templates/HLODs/HLODLayer_Instanced.uexp" 707
"E:/Programming/Games/Unreal/highfleet-starsector-combo/Starfleet/Content/Blueprints/Camera/CameraPawn.uasset" 708
"E:/Programming/Games/Unreal/highfleet-starsector-combo/Starfleet/Content/Blueprints/Camera/CameraPawn.uexp" 709
"E:/Programming/Games/Unreal/highfleet-starsector-combo/Starfleet/Content/UI/CommandPointsHUDWidget_BP.uasset" 710
"E:/Programming/Games/Unreal/highfleet-starsector-combo/Starfleet/Content/UI/CommandPointsHUDWidget_BP.uexp" 711
"E:/Programming/Games/Unreal/highfleet-starsector-combo/Starfleet/Content/UI/RTSHUD_BP.uasset" 712
"E:/Programming/Games/Unreal/highfleet-starsector-combo/Starfleet/Content/UI/RTSHUD_BP.uexp" 713
"E:/Programming/Games/Unreal/highfleet-starsector-combo/Starfleet/Content/StarterContent/Textures/T_Metal_Steel_D.ubulk" 714
"E:/Programming/Games/Unreal/highfleet-starsector-combo/Starfleet/Content/StarterContent/Textures/T_Metal_Steel_D.uasset" 715
"E:/Programming/Games/Unreal/highfleet-starsector-combo/Starfleet/Content/StarterContent/Textures/T_Metal_Steel_D.uexp" 716
"E:/Programming/Games/Unreal/highfleet-starsector-combo/Starfleet/Content/Textures/Starships/Striker_Red.ubulk" 717
"E:/Programming/Games/Unreal/highfleet-starsector-combo/Starfleet/Content/Textures/Starships/Striker_Red.uasset" 718
"E:/Programming/Games/Unreal/highfleet-starsector-combo/Starfleet/Content/Textures/Starships/Striker_Red.uexp" 719
"../../../Engine/Content/Functions/Engine_MaterialFunctions02/Utility/BreakOutFloat4Components.uasset" 720
"../../../Engine/Content/Functions/Engine_MaterialFunctions02/Utility/BreakOutFloat4Components.uexp" 721
"E:/Programming/Games/Unreal/highfleet-starsector-combo/Starfleet/Content/StarterContent/Textures/T_Metal_Steel_N.ubulk" 722
"E:/Programming/Games/Unreal/highfleet-starsector-combo/Starfleet/Content/StarterContent/Textures/T_Metal_Steel_N.uasset" 723
"E:/Programming/Games/Unreal/highfleet-starsector-combo/Starfleet/Content/StarterContent/Textures/T_Metal_Steel_N.uexp" 724
"E:/Programming/Games/Unreal/highfleet-starsector-combo/Starfleet/Content/Materials/Starships/Striker_Red_Material.uasset" 725
"E:/Programming/Games/Unreal/highfleet-starsector-combo/Starfleet/Content/Materials/Starships/Striker_Red_Material.uexp" 726
"E:/Programming/Games/Unreal/highfleet-starsector-combo/Starfleet/Content/Textures/Starships/Zenith_Blue.ubulk" 727
"E:/Programming/Games/Unreal/highfleet-starsector-combo/Starfleet/Content/Textures/Starships/Zenith_Blue.uasset" 728
"E:/Programming/Games/Unreal/highfleet-starsector-combo/Starfleet/Content/Textures/Starships/Zenith_Blue.uexp" 729
"E:/Programming/Games/Unreal/highfleet-starsector-combo/Starfleet/Content/Materials/Starships/Zenith_Blue_Material.uasset" 730
"E:/Programming/Games/Unreal/highfleet-starsector-combo/Starfleet/Content/Materials/Starships/Zenith_Blue_Material.uexp" 731
"E:/Programming/Games/Unreal/highfleet-starsector-combo/Starfleet/Content/Textures/Starships/Imperial_Blue.ubulk" 732
"E:/Programming/Games/Unreal/highfleet-starsector-combo/Starfleet/Content/Textures/Starships/Imperial_Blue.uasset" 733
"E:/Programming/Games/Unreal/highfleet-starsector-combo/Starfleet/Content/Textures/Starships/Imperial_Blue.uexp" 734
"E:/Programming/Games/Unreal/highfleet-starsector-combo/Starfleet/Content/Materials/Starships/Imperial_Blue_Material.uasset" 735
"E:/Programming/Games/Unreal/highfleet-starsector-combo/Starfleet/Content/Materials/Starships/Imperial_Blue_Material.uexp" 736
"E:/Programming/Games/Unreal/highfleet-starsector-combo/Starfleet/Content/Meshes/Turrets/ship_turret_fbx_TurretBase.uasset" 737
"E:/Programming/Games/Unreal/highfleet-starsector-combo/Starfleet/Content/Meshes/Turrets/ship_turret_fbx_TurretBase.uexp" 738
"E:/Programming/Games/Unreal/highfleet-starsector-combo/Starfleet/Content/Meshes/Starships/Striker.uasset" 739
"E:/Programming/Games/Unreal/highfleet-starsector-combo/Starfleet/Content/Meshes/Starships/Striker.uexp" 740
"E:/Programming/Games/Unreal/highfleet-starsector-combo/Starfleet/Content/StarterContent/Props/MaterialSphere.uasset" 741
"E:/Programming/Games/Unreal/highfleet-starsector-combo/Starfleet/Content/StarterContent/Props/MaterialSphere.uexp" 742
"../../../Engine/Plugins/FX/Niagara/Content/Enums/SpriteRenderer/ENiagara_ScaleSpriteSize.uasset" 743
"../../../Engine/Plugins/FX/Niagara/Content/Enums/SpriteRenderer/ENiagara_ScaleSpriteSize.uexp" 744
"../../../Engine/Plugins/FX/Niagara/Content/Enums/Transforms/ENiagara_MeshOrientationOptions.uasset" 745
"../../../Engine/Plugins/FX/Niagara/Content/Enums/Transforms/ENiagara_MeshOrientationOptions.uexp" 746
"E:/Programming/Games/Unreal/highfleet-starsector-combo/Starfleet/Content/StarterContent/Textures/T_Smoke_SubUV.ubulk" 747
"E:/Programming/Games/Unreal/highfleet-starsector-combo/Starfleet/Content/StarterContent/Textures/T_Smoke_SubUV.uasset" 748
"E:/Programming/Games/Unreal/highfleet-starsector-combo/Starfleet/Content/StarterContent/Textures/T_Smoke_SubUV.uexp" 749
"E:/Programming/Games/Unreal/highfleet-starsector-combo/Starfleet/Content/StarterContent/Textures/T_Smoke_Tiled_D.ubulk" 750
"E:/Programming/Games/Unreal/highfleet-starsector-combo/Starfleet/Content/StarterContent/Textures/T_Smoke_Tiled_D.uasset" 751
"E:/Programming/Games/Unreal/highfleet-starsector-combo/Starfleet/Content/StarterContent/Textures/T_Smoke_Tiled_D.uexp" 752
"E:/Programming/Games/Unreal/highfleet-starsector-combo/Starfleet/Content/Materials/Particles/M_smoke_subUV.uasset" 753
"E:/Programming/Games/Unreal/highfleet-starsector-combo/Starfleet/Content/Materials/Particles/M_smoke_subUV.uexp" 754
"../../../Engine/Plugins/FX/Niagara/Content/Enums/ENiagara_MassInitializationMode.uasset" 755
"../../../Engine/Plugins/FX/Niagara/Content/Enums/ENiagara_MassInitializationMode.uexp" 756
"../../../Engine/Plugins/FX/Niagara/Content/Enums/ENiagara_SubUVLookupModeV2.uasset" 757
"../../../Engine/Plugins/FX/Niagara/Content/Enums/ENiagara_SubUVLookupModeV2.uexp" 758
"../../../Engine/Plugins/FX/Niagara/Content/Enums/ENiagaraMeshTransforms.uasset" 759
"../../../Engine/Plugins/FX/Niagara/Content/Enums/ENiagaraMeshTransforms.uexp" 760
"../../../Engine/Plugins/FX/Niagara/Content/Enums/ENiagara_PositionInitializationMode.uasset" 761
"../../../Engine/Plugins/FX/Niagara/Content/Enums/ENiagara_PositionInitializationMode.uexp" 762
"../../../Engine/Plugins/FX/Niagara/Content/Icons/Modules/T_Icon_Solver_LimitSpeed.uasset" 763
"../../../Engine/Plugins/FX/Niagara/Content/Icons/Modules/T_Icon_Solver_LimitSpeed.uexp" 764
"../../../Engine/Plugins/FX/Niagara/Content/Icons/Modules/T_Icon_Solver_RotationalSolve.uasset" 765
"../../../Engine/Plugins/FX/Niagara/Content/Icons/Modules/T_Icon_Solver_RotationalSolve.uexp" 766
"../../../Engine/Plugins/FX/Niagara/Content/Icons/Modules/T_Icon_Solver_LimitAccel.uasset" 767
"../../../Engine/Plugins/FX/Niagara/Content/Icons/Modules/T_Icon_Solver_LimitAccel.uexp" 768
"../../../Engine/Plugins/FX/Niagara/Content/Enums/SpriteRenderer/ENiagara_FPSPlayrate.uasset" 769
"../../../Engine/Plugins/FX/Niagara/Content/Enums/SpriteRenderer/ENiagara_FPSPlayrate.uexp" 770
"../../../Engine/Plugins/FX/Niagara/Content/Enums/ENiagaraScaleColorMode.uasset" 771
"../../../Engine/Plugins/FX/Niagara/Content/Enums/ENiagaraScaleColorMode.uexp" 772
"../../../Engine/Plugins/FX/Niagara/Content/Enums/ENiagaraRandomnessMode.uasset" 773
"../../../Engine/Plugins/FX/Niagara/Content/Enums/ENiagaraRandomnessMode.uexp" 774
"../../../Engine/Plugins/FX/Niagara/Content/Enums/ENiagaraRandomnessEvaluation.uasset" 775
"../../../Engine/Plugins/FX/Niagara/Content/Enums/ENiagaraRandomnessEvaluation.uexp" 776
"../../../Engine/Plugins/FX/Niagara/Content/Enums/ENiagara_SizeScaleMode.uasset" 777
"../../../Engine/Plugins/FX/Niagara/Content/Enums/ENiagara_SizeScaleMode.uexp" 778
"../../../Engine/Plugins/FX/Niagara/Content/Enums/ENiagara_UVFlippingMode.uasset" 779
"../../../Engine/Plugins/FX/Niagara/Content/Enums/ENiagara_UVFlippingMode.uexp" 780
"../../../Engine/Plugins/FX/Niagara/Content/Enums/Ribbons/ENiagara_UnsetDirectSetRandom.uasset" 781
"../../../Engine/Plugins/FX/Niagara/Content/Enums/Ribbons/ENiagara_UnsetDirectSetRandom.uexp" 782
"../../../Engine/Plugins/FX/Niagara/Content/Enums/ENiagara_LifetimeMode.uasset" 783
"../../../Engine/Plugins/FX/Niagara/Content/Enums/ENiagara_LifetimeMode.uexp" 784
"../../../Engine/Plugins/FX/Niagara/Content/Enums/Ribbons/ENiagara_UnsetDirectSet.uasset" 785
"../../../Engine/Plugins/FX/Niagara/Content/Enums/Ribbons/ENiagara_UnsetDirectSet.uexp" 786
"../../../Engine/Plugins/FX/Niagara/Content/Enums/ENiagara_SpriteRotationMode.uasset" 787
"../../../Engine/Plugins/FX/Niagara/Content/Enums/ENiagara_SpriteRotationMode.uexp" 788
"../../../Engine/Plugins/FX/Niagara/Content/Enums/ENiagara_ColorInitializationMode.uasset" 789
"../../../Engine/Plugins/FX/Niagara/Content/Enums/ENiagara_ColorInitializationMode.uexp" 790
"../../../Engine/Plugins/FX/Niagara/Content/Enums/ENiagaraChannelCorrelation.uasset" 791
"../../../Engine/Plugins/FX/Niagara/Content/Enums/ENiagaraChannelCorrelation.uexp" 792
"../../../Engine/Plugins/FX/Niagara/Content/Enums/ENiagaraEmitterLifeCycleMode.uasset" 793
"../../../Engine/Plugins/FX/Niagara/Content/Enums/ENiagaraEmitterLifeCycleMode.uexp" 794
"../../../Engine/Plugins/FX/Niagara/Content/Enums/ENiagara_InfiniteLoopDuration.uasset" 795
"../../../Engine/Plugins/FX/Niagara/Content/Enums/ENiagara_InfiniteLoopDuration.uexp" 796
"../../../Engine/Plugins/FX/Niagara/Content/Enums/ENiagara_EmitterStateOptions.uasset" 797
"../../../Engine/Plugins/FX/Niagara/Content/Enums/ENiagara_EmitterStateOptions.uexp" 798
"../../../Engine/Plugins/FX/Niagara/Content/Enums/ENiagaraInactiveMode.uasset" 799
"../../../Engine/Plugins/FX/Niagara/Content/Enums/ENiagaraInactiveMode.uexp" 800
"../../../Engine/Plugins/FX/Niagara/Content/Enums/ENiagaraExecutionStateManagement.uasset" 801
"../../../Engine/Plugins/FX/Niagara/Content/Enums/ENiagaraExecutionStateManagement.uexp" 802
"../../../Engine/Plugins/FX/Niagara/Content/Enums/ENiagaraEmitterScalabilityMode_Limited.uasset" 803
"../../../Engine/Plugins/FX/Niagara/Content/Enums/ENiagaraEmitterScalabilityMode_Limited.uexp" 804
"E:/Programming/Games/Unreal/highfleet-starsector-combo/Starfleet/Content/StarterContent/Textures/T_Explosion_SubUV.ubulk" 805
"E:/Programming/Games/Unreal/highfleet-starsector-combo/Starfleet/Content/StarterContent/Textures/T_Explosion_SubUV.uasset" 806
"E:/Programming/Games/Unreal/highfleet-starsector-combo/Starfleet/Content/StarterContent/Textures/T_Explosion_SubUV.uexp" 807
"E:/Programming/Games/Unreal/highfleet-starsector-combo/Starfleet/Content/Materials/Particles/M_explosion_subUV.uasset" 808
"E:/Programming/Games/Unreal/highfleet-starsector-combo/Starfleet/Content/Materials/Particles/M_explosion_subUV.uexp" 809
"../../../Engine/Plugins/FX/Niagara/Content/Enums/ENiagaraMeshOrSprite.uasset" 810
"../../../Engine/Plugins/FX/Niagara/Content/Enums/ENiagaraMeshOrSprite.uexp" 811
"../../../Engine/Plugins/FX/Niagara/Content/Enums/ENiagara_WrapClamp.uasset" 812
"../../../Engine/Plugins/FX/Niagara/Content/Enums/ENiagara_WrapClamp.uexp" 813
"../../../Engine/Plugins/FX/Niagara/Content/Enums/SpriteRenderer/ENiagara_AutomaticManual.uasset" 814
"../../../Engine/Plugins/FX/Niagara/Content/Enums/SpriteRenderer/ENiagara_AutomaticManual.uexp" 815
"../../../Engine/Plugins/FX/Niagara/Content/Enums/ENiagaraSystemInactiveMode.uasset" 816
"../../../Engine/Plugins/FX/Niagara/Content/Enums/ENiagaraSystemInactiveMode.uexp" 817
"../../../Engine/Plugins/FX/Niagara/Content/Enums/ENiagara_SubUVLookupMode.uasset" 818
"../../../Engine/Plugins/FX/Niagara/Content/Enums/ENiagara_SubUVLookupMode.uexp" 819
"E:/Programming/Games/Unreal/highfleet-starsector-combo/Starfleet/Content/StarterContent/Textures/T_Burst_M.ubulk" 820
"E:/Programming/Games/Unreal/highfleet-starsector-combo/Starfleet/Content/StarterContent/Textures/T_Burst_M.uasset" 821
"E:/Programming/Games/Unreal/highfleet-starsector-combo/Starfleet/Content/StarterContent/Textures/T_Burst_M.uexp" 822
"E:/Programming/Games/Unreal/highfleet-starsector-combo/Starfleet/Content/Materials/Particles/M_Burst.uasset" 823
"E:/Programming/Games/Unreal/highfleet-starsector-combo/Starfleet/Content/Materials/Particles/M_Burst.uexp" 824
"../../../Engine/Plugins/FX/Niagara/Content/Icons/Modules/T_Icon_Particle_InfiniteLife.uasset" 825
"../../../Engine/Plugins/FX/Niagara/Content/Icons/Modules/T_Icon_Particle_InfiniteLife.uexp" 826
"E:/Programming/Games/Unreal/highfleet-starsector-combo/Starfleet/Content/Particles/ShipExplosionPS.uasset" 827
"E:/Programming/Games/Unreal/highfleet-starsector-combo/Starfleet/Content/Particles/ShipExplosionPS.uexp" 828
"E:/Programming/Games/Unreal/highfleet-starsector-combo/Starfleet/Content/StarterContent/Audio/Explosion01.ubulk" 829
"E:/Programming/Games/Unreal/highfleet-starsector-combo/Starfleet/Content/StarterContent/Audio/Explosion01.uasset" 830
"E:/Programming/Games/Unreal/highfleet-starsector-combo/Starfleet/Content/StarterContent/Audio/Explosion01.uexp" 831
"../../../Engine/Content/Functions/Engine_MaterialFunctions02/ScreenResolution.uasset" 832
"../../../Engine/Content/Functions/Engine_MaterialFunctions02/ScreenResolution.uexp" 833
"../../../Engine/Content/EngineMaterials/Grid.ubulk" 834
"../../../Engine/Content/EngineMaterials/Grid.uasset" 835
"../../../Engine/Content/EngineMaterials/Grid.uexp" 836
"../../../Engine/Content/Functions/Engine_MaterialFunctions01/Gradient/LinearGradient.uasset" 837
"../../../Engine/Content/Functions/Engine_MaterialFunctions01/Gradient/LinearGradient.uexp" 838
"../../../Engine/Content/Functions/Engine_MaterialFunctions01/ImageAdjustment/CheapContrast.uasset" 839
"../../../Engine/Content/Functions/Engine_MaterialFunctions01/ImageAdjustment/CheapContrast.uexp" 840
"../../../Engine/Content/Functions/Engine_MaterialFunctions01/Texturing/WorldAlignedTexture.uasset" 841
"../../../Engine/Content/Functions/Engine_MaterialFunctions01/Texturing/WorldAlignedTexture.uexp" 842
"../../../Engine/Content/EditorMaterials/GeometryCollection/SelectedGeometryMaterial.uasset" 843
"../../../Engine/Content/EditorMaterials/GeometryCollection/SelectedGeometryMaterial.uexp" 844
"E:/Programming/Games/Unreal/highfleet-starsector-combo/Starfleet/Content/ChaosEditor/Imperial_GeometryCollection.uasset" 845
"E:/Programming/Games/Unreal/highfleet-starsector-combo/Starfleet/Content/ChaosEditor/Imperial_GeometryCollection.uexp" 846
"E:/Programming/Games/Unreal/highfleet-starsector-combo/Starfleet/Content/ChaosEditor/DestructionFieldSystem.uasset" 847
"E:/Programming/Games/Unreal/highfleet-starsector-combo/Starfleet/Content/ChaosEditor/DestructionFieldSystem.uexp" 848
"E:/Programming/Games/Unreal/highfleet-starsector-combo/Starfleet/Content/ChaosEditor/Imperial_Destruction_BP.uasset" 849
"E:/Programming/Games/Unreal/highfleet-starsector-combo/Starfleet/Content/ChaosEditor/Imperial_Destruction_BP.uexp" 850
"E:/Programming/Games/Unreal/highfleet-starsector-combo/Starfleet/Content/UI/Selection_Texture.uasset" 851
"E:/Programming/Games/Unreal/highfleet-starsector-combo/Starfleet/Content/UI/Selection_Texture.uexp" 852
"E:/Programming/Games/Unreal/highfleet-starsector-combo/Starfleet/Content/UI/SelectionHUDMaterial.uasset" 853
"E:/Programming/Games/Unreal/highfleet-starsector-combo/Starfleet/Content/UI/SelectionHUDMaterial.uexp" 854
"E:/Programming/Games/Unreal/highfleet-starsector-combo/Starfleet/Content/UI/ShipSelectionWidget.uasset" 855
"E:/Programming/Games/Unreal/highfleet-starsector-combo/Starfleet/Content/UI/ShipSelectionWidget.uexp" 856
"E:/Programming/Games/Unreal/highfleet-starsector-combo/Starfleet/Content/StarterContent/Textures/T_MacroVariation.uasset" 857
"E:/Programming/Games/Unreal/highfleet-starsector-combo/Starfleet/Content/StarterContent/Textures/T_MacroVariation.uexp" 858
"E:/Programming/Games/Unreal/highfleet-starsector-combo/Starfleet/Content/StarterContent/Materials/M_Metal_Steel.uasset" 859
"E:/Programming/Games/Unreal/highfleet-starsector-combo/Starfleet/Content/StarterContent/Materials/M_Metal_Steel.uexp" 860
"E:/Programming/Games/Unreal/highfleet-starsector-combo/Starfleet/Content/Meshes/Turrets/ship_turret_fbx_TurretBarrel.uasset" 861
"E:/Programming/Games/Unreal/highfleet-starsector-combo/Starfleet/Content/Meshes/Turrets/ship_turret_fbx_TurretBarrel.uexp" 862
"E:/Programming/Games/Unreal/highfleet-starsector-combo/Starfleet/Content/StarterContent/Materials/M_Basic_Wall.uasset" 863
"E:/Programming/Games/Unreal/highfleet-starsector-combo/Starfleet/Content/StarterContent/Materials/M_Basic_Wall.uexp" 864
"E:/Programming/Games/Unreal/highfleet-starsector-combo/Starfleet/Content/StarterContent/Shapes/Shape_Cube.uasset" 865
"E:/Programming/Games/Unreal/highfleet-starsector-combo/Starfleet/Content/StarterContent/Shapes/Shape_Cube.uexp" 866
"E:/Programming/Games/Unreal/highfleet-starsector-combo/Starfleet/Content/Particles/ExplosionPS.uasset" 867
"E:/Programming/Games/Unreal/highfleet-starsector-combo/Starfleet/Content/Particles/ExplosionPS.uexp" 868
"E:/Programming/Games/Unreal/highfleet-starsector-combo/Starfleet/Content/StarterContent/Audio/Explosion02.ubulk" 869
"E:/Programming/Games/Unreal/highfleet-starsector-combo/Starfleet/Content/StarterContent/Audio/Explosion02.uasset" 870
"E:/Programming/Games/Unreal/highfleet-starsector-combo/Starfleet/Content/StarterContent/Audio/Explosion02.uexp" 871
"../../../Engine/Plugins/FX/Niagara/Content/DefaultAssets/DefaultRIbbonMaterial.uasset" 872
"../../../Engine/Plugins/FX/Niagara/Content/DefaultAssets/DefaultRIbbonMaterial.uexp" 873
"../../../Engine/Plugins/FX/Niagara/Content/Enums/Transforms/ENiagara_LWCConvertPosToVec.uasset" 874
"../../../Engine/Plugins/FX/Niagara/Content/Enums/Transforms/ENiagara_LWCConvertPosToVec.uexp" 875
"../../../Engine/Plugins/FX/Niagara/Content/Enums/ENiagaraVector4_Channels.uasset" 876
"../../../Engine/Plugins/FX/Niagara/Content/Enums/ENiagaraVector4_Channels.uexp" 877
"../../../Engine/Plugins/FX/Niagara/Content/Enums/Angles/ENiagara_AngleInput.uasset" 878
"../../../Engine/Plugins/FX/Niagara/Content/Enums/Angles/ENiagara_AngleInput.uexp" 879
"../../../Engine/Plugins/FX/Niagara/Content/Enums/Utility/ENiagara_VelocityMode.uasset" 880
"../../../Engine/Plugins/FX/Niagara/Content/Enums/Utility/ENiagara_VelocityMode.uexp" 881
"../../../Engine/Plugins/FX/Niagara/Content/Enums/Transforms/ENiagara_RotationMode.uasset" 882
"../../../Engine/Plugins/FX/Niagara/Content/Enums/Transforms/ENiagara_RotationMode.uexp" 883
"E:/Programming/Games/Unreal/highfleet-starsector-combo/Starfleet/Content/Particles/RailgunProjectilePS.uasset" 884
"E:/Programming/Games/Unreal/highfleet-starsector-combo/Starfleet/Content/Particles/RailgunProjectilePS.uexp" 885
"E:/Programming/Games/Unreal/highfleet-starsector-combo/Starfleet/Content/Blueprints/Munitions/RailgunProjectileBP.uasset" 886
"E:/Programming/Games/Unreal/highfleet-starsector-combo/Starfleet/Content/Blueprints/Munitions/RailgunProjectileBP.uexp" 887
"../../../Engine/Plugins/FX/Niagara/Content/Enums/Wind/ENiagaraWindTurbulenceFrequencyMode.uasset" 888
"../../../Engine/Plugins/FX/Niagara/Content/Enums/Wind/ENiagaraWindTurbulenceFrequencyMode.uexp" 889
"../../../Engine/Plugins/FX/Niagara/Content/Enums/ENiagaraDragCoefficientShapeMode.uasset" 890
"../../../Engine/Plugins/FX/Niagara/Content/Enums/ENiagaraDragCoefficientShapeMode.uexp" 891
"../../../Engine/Plugins/FX/Niagara/Content/Enums/ENiagaraAerodynamicDragPivotMode.uasset" 892
"../../../Engine/Plugins/FX/Niagara/Content/Enums/ENiagaraAerodynamicDragPivotMode.uexp" 893
"../../../Engine/Plugins/FX/Niagara/Content/VectorFields/Assets/TilingCurl32.uasset" 894
"../../../Engine/Plugins/FX/Niagara/Content/VectorFields/Assets/TilingCurl32.uexp" 895
"../../../Engine/Plugins/FX/Niagara/Content/Enums/ENiagaraCurlNoiseQuality.uasset" 896
"../../../Engine/Plugins/FX/Niagara/Content/Enums/ENiagaraCurlNoiseQuality.uexp" 897
"../../../Engine/Plugins/FX/Niagara/Content/VectorFields/Assets/TilingCurl64.uasset" 898
"../../../Engine/Plugins/FX/Niagara/Content/VectorFields/Assets/TilingCurl64.uexp" 899
"../../../Engine/Plugins/FX/Niagara/Content/VectorFields/Assets/TilingCurl16.uasset" 900
"../../../Engine/Plugins/FX/Niagara/Content/VectorFields/Assets/TilingCurl16.uexp" 901
"../../../Engine/Plugins/FX/Niagara/Content/Enums/Wind/ENiagaraWindTurbulenceMode.uasset" 902
"../../../Engine/Plugins/FX/Niagara/Content/Enums/Wind/ENiagaraWindTurbulenceMode.uexp" 903
"../../../Engine/Plugins/FX/Niagara/Content/Enums/Wind/ENiagaraWindGroundMaskMode.uasset" 904
"../../../Engine/Plugins/FX/Niagara/Content/Enums/Wind/ENiagaraWindGroundMaskMode.uexp" 905
"../../../Engine/Plugins/FX/Niagara/Content/Enums/Wind/ENiagaraWindCombingMode.uasset" 906
"../../../Engine/Plugins/FX/Niagara/Content/Enums/Wind/ENiagaraWindCombingMode.uexp" 907
"../../../Engine/Plugins/FX/Niagara/Content/Enums/Wind/ENiagaraWindTurbulenceContributionMode.uasset" 908
"../../../Engine/Plugins/FX/Niagara/Content/Enums/Wind/ENiagaraWindTurbulenceContributionMode.uexp" 909
"../../../Engine/Plugins/FX/Niagara/Content/Enums/Wind/ENiagaraWindOffsetMode.uasset" 910
"../../../Engine/Plugins/FX/Niagara/Content/Enums/Wind/ENiagaraWindOffsetMode.uexp" 911
"../../../Engine/Plugins/FX/Niagara/Content/Enums/Wind/ENiagaraWindFrictionDistanceMode.uasset" 912
"../../../Engine/Plugins/FX/Niagara/Content/Enums/Wind/ENiagaraWindFrictionDistanceMode.uexp" 913
"../../../Engine/Plugins/FX/Niagara/Content/Enums/Wind/ENiagaraWindFrictionMode.uasset" 914
"../../../Engine/Plugins/FX/Niagara/Content/Enums/Wind/ENiagaraWindFrictionMode.uexp" 915
"../../../Engine/Content/Functions/Engine_MaterialFunctions02/ExampleContent/DebugNumberStrip.uasset" 916
"../../../Engine/Content/Functions/Engine_MaterialFunctions02/ExampleContent/DebugNumberStrip.uexp" 917
"../../../Engine/Content/Functions/Engine_MaterialFunctions01/Texturing/ComputeMipLevel.uasset" 918
"../../../Engine/Content/Functions/Engine_MaterialFunctions01/Texturing/ComputeMipLevel.uexp" 919
"../../../Engine/Content/Functions/Engine_MaterialFunctions01/Texturing/TextureCropping.uasset" 920
"../../../Engine/Content/Functions/Engine_MaterialFunctions01/Texturing/TextureCropping.uexp" 921
"../../../Engine/Content/Functions/Engine_MaterialFunctions02/ExampleContent/Textures/DebugNumberPeriod.uasset" 922
"../../../Engine/Content/Functions/Engine_MaterialFunctions02/ExampleContent/Textures/DebugNumberPeriod.uexp" 923
"../../../Engine/Content/Functions/Engine_MaterialFunctions02/Utility/DebugScalarValues.uasset" 924
"../../../Engine/Content/Functions/Engine_MaterialFunctions02/Utility/DebugScalarValues.uexp" 925
"../../../Engine/Content/Functions/Engine_MaterialFunctions02/Utility/DebugFloat2Values.uasset" 926
"../../../Engine/Content/Functions/Engine_MaterialFunctions02/Utility/DebugFloat2Values.uexp" 927
"../../../Engine/Content/Functions/Engine_MaterialFunctions02/ExampleContent/Textures/flipbook.ubulk" 928
"../../../Engine/Content/Functions/Engine_MaterialFunctions02/ExampleContent/Textures/flipbook.uasset" 929
"../../../Engine/Content/Functions/Engine_MaterialFunctions02/ExampleContent/Textures/flipbook.uexp" 930
"../../../Engine/Content/Functions/Engine_MaterialFunctions02/Texturing/FlipBook.uasset" 931
"../../../Engine/Content/Functions/Engine_MaterialFunctions02/Texturing/FlipBook.uexp" 932
"E:/Programming/Games/Unreal/highfleet-starsector-combo/Starfleet/Content/Textures/Particles/fire_smoke_particle_sprite_sheet.uasset" 933
"E:/Programming/Games/Unreal/highfleet-starsector-combo/Starfleet/Content/Textures/Particles/fire_smoke_particle_sprite_sheet.uexp" 934
"E:/Programming/Games/Unreal/highfleet-starsector-combo/Starfleet/Content/Materials/Particles/EmmisiveFireSmoke_SS_Material1.uasset" 935
"E:/Programming/Games/Unreal/highfleet-starsector-combo/Starfleet/Content/Materials/Particles/EmmisiveFireSmoke_SS_Material1.uexp" 936
"E:/Programming/Games/Unreal/highfleet-starsector-combo/Starfleet/Content/Textures/Particles/smoke_particle.uasset" 937
"E:/Programming/Games/Unreal/highfleet-starsector-combo/Starfleet/Content/Textures/Particles/smoke_particle.uexp" 938
"E:/Programming/Games/Unreal/highfleet-starsector-combo/Starfleet/Content/Materials/Particles/FireMaterial.uasset" 939
"E:/Programming/Games/Unreal/highfleet-starsector-combo/Starfleet/Content/Materials/Particles/FireMaterial.uexp" 940
"E:/Programming/Games/Unreal/highfleet-starsector-combo/Starfleet/Content/Particles/MuzzleFlashPS_System.uasset" 941
"E:/Programming/Games/Unreal/highfleet-starsector-combo/Starfleet/Content/Particles/MuzzleFlashPS_System.uexp" 942
"E:/Programming/Games/Unreal/highfleet-starsector-combo/Starfleet/Content/Blueprints/Entities/Turrets/TurretPawnBase_BP.uasset" 943
"E:/Programming/Games/Unreal/highfleet-starsector-combo/Starfleet/Content/Blueprints/Entities/Turrets/TurretPawnBase_BP.uexp" 944
"../../../Engine/Plugins/FX/Niagara/Content/Enums/ENiagaraSphereDistributionMode.uasset" 945
"../../../Engine/Plugins/FX/Niagara/Content/Enums/ENiagaraSphereDistributionMode.uexp" 946
"../../../Engine/Plugins/FX/Niagara/Content/Enums/ENiagaraTorusDistributionMode.uasset" 947
"../../../Engine/Plugins/FX/Niagara/Content/Enums/ENiagaraTorusDistributionMode.uexp" 948
"../../../Engine/Plugins/FX/Niagara/Content/Enums/Location/ENiagara_LocationShapes.uasset" 949
"../../../Engine/Plugins/FX/Niagara/Content/Enums/Location/ENiagara_LocationShapes.uexp" 950
"../../../Engine/Plugins/FX/Niagara/Content/Enums/Location/ENiagara_CylinderMode.uasset" 951
"../../../Engine/Plugins/FX/Niagara/Content/Enums/Location/ENiagara_CylinderMode.uexp" 952
"../../../Engine/Plugins/FX/Niagara/Content/DefaultAssets/DefaultSpriteMaterial.uasset" 953
"../../../Engine/Plugins/FX/Niagara/Content/DefaultAssets/DefaultSpriteMaterial.uexp" 954
"../../../Engine/Plugins/FX/Niagara/Content/Enums/Transforms/ENiagara_ScaleMode.uasset" 955
"../../../Engine/Plugins/FX/Niagara/Content/Enums/Transforms/ENiagara_ScaleMode.uexp" 956
"../../../Engine/Plugins/FX/Niagara/Content/Enums/Location/ENiagara_ConeMode.uasset" 957
"../../../Engine/Plugins/FX/Niagara/Content/Enums/Location/ENiagara_ConeMode.uexp" 958
"../../../Engine/Plugins/FX/Niagara/Content/Enums/ENiagara_AttributeSamplingApplyOutput.uasset" 959
"../../../Engine/Plugins/FX/Niagara/Content/Enums/ENiagara_AttributeSamplingApplyOutput.uexp" 960
"E:/Programming/Games/Unreal/highfleet-starsector-combo/Starfleet/Content/Particles/Textures/smoke_particle.uasset" 961
"E:/Programming/Games/Unreal/highfleet-starsector-combo/Starfleet/Content/Particles/Textures/smoke_particle.uexp" 962
"E:/Programming/Games/Unreal/highfleet-starsector-combo/Starfleet/Content/Particles/Materials/FireMaterial.uasset" 963
"E:/Programming/Games/Unreal/highfleet-starsector-combo/Starfleet/Content/Particles/Materials/FireMaterial.uexp" 964
"../../../Engine/Plugins/FX/Niagara/Content/Enums/Transforms/ENiagara_OffsetMode.uasset" 965
"../../../Engine/Plugins/FX/Niagara/Content/Enums/Transforms/ENiagara_OffsetMode.uexp" 966
"../../../Engine/Plugins/FX/Niagara/Content/Enums/Location/ENiagara_BoxPlaneMode.uasset" 967
"../../../Engine/Plugins/FX/Niagara/Content/Enums/Location/ENiagara_BoxPlaneMode.uexp" 968
"../../../Engine/Plugins/FX/Niagara/Content/Enums/Transforms/ENiagara_TransformOrder.uasset" 969
"../../../Engine/Plugins/FX/Niagara/Content/Enums/Transforms/ENiagara_TransformOrder.uexp" 970
"../../../Engine/Plugins/FX/Niagara/Content/Enums/Location/ENiagaraRingDiscMode.uasset" 971
"../../../Engine/Plugins/FX/Niagara/Content/Enums/Location/ENiagaraRingDiscMode.uexp" 972
"../../../Engine/Plugins/FX/Niagara/Content/Enums/ENiagaraShapeTorusMode.uasset" 973
"../../../Engine/Plugins/FX/Niagara/Content/Enums/ENiagaraShapeTorusMode.uexp" 974
"../../../Engine/Plugins/FX/Niagara/Content/Enums/ENiagaraExpansionMode.uasset" 975
"../../../Engine/Plugins/FX/Niagara/Content/Enums/ENiagaraExpansionMode.uexp" 976
"../../../Engine/Plugins/FX/Niagara/Content/Enums/Transforms/ENiagara_TransformType.uasset" 977
"../../../Engine/Plugins/FX/Niagara/Content/Enums/Transforms/ENiagara_TransformType.uexp" 978
"E:/Programming/Games/Unreal/highfleet-starsector-combo/Starfleet/Content/Particles/Textures/fire_smoke_particle_sprite_sheet.uasset" 979
"E:/Programming/Games/Unreal/highfleet-starsector-combo/Starfleet/Content/Particles/Textures/fire_smoke_particle_sprite_sheet.uexp" 980
"E:/Programming/Games/Unreal/highfleet-starsector-combo/Starfleet/Content/Particles/Materials/FireSmoke_SS_Material.uasset" 981
"E:/Programming/Games/Unreal/highfleet-starsector-combo/Starfleet/Content/Particles/Materials/FireSmoke_SS_Material.uexp" 982
"E:/Programming/Games/Unreal/highfleet-starsector-combo/Starfleet/Content/Particles/EngineExhaustPS_System.uasset" 983
"E:/Programming/Games/Unreal/highfleet-starsector-combo/Starfleet/Content/Particles/EngineExhaustPS_System.uexp" 984
"E:/Programming/Games/Unreal/highfleet-starsector-combo/Starfleet/Content/AI/Tasks/BTTask_MoveTo.uasset" 985
"E:/Programming/Games/Unreal/highfleet-starsector-combo/Starfleet/Content/AI/Tasks/BTTask_MoveTo.uexp" 986
"E:/Programming/Games/Unreal/highfleet-starsector-combo/Starfleet/Content/AI/Tasks/BTTask_ResetTarget.uasset" 987
"E:/Programming/Games/Unreal/highfleet-starsector-combo/Starfleet/Content/AI/Tasks/BTTask_ResetTarget.uexp" 988
"E:/Programming/Games/Unreal/highfleet-starsector-combo/Starfleet/Content/AI/Tasks/BTTask_Roam.uasset" 989
"E:/Programming/Games/Unreal/highfleet-starsector-combo/Starfleet/Content/AI/Tasks/BTTask_Roam.uexp" 990
"E:/Programming/Games/Unreal/highfleet-starsector-combo/Starfleet/Content/AI/Tasks/BTTask_AttackTarget.uasset" 991
"E:/Programming/Games/Unreal/highfleet-starsector-combo/Starfleet/Content/AI/Tasks/BTTask_AttackTarget.uexp" 992
"E:/Programming/Games/Unreal/highfleet-starsector-combo/Starfleet/Content/AI/Tasks/BTTask_StopMoving.uasset" 993
"E:/Programming/Games/Unreal/highfleet-starsector-combo/Starfleet/Content/AI/Tasks/BTTask_StopMoving.uexp" 994
"E:/Programming/Games/Unreal/highfleet-starsector-combo/Starfleet/Content/AI/EnemyBlackboard.uasset" 995
"E:/Programming/Games/Unreal/highfleet-starsector-combo/Starfleet/Content/AI/EnemyBlackboard.uexp" 996
"E:/Programming/Games/Unreal/highfleet-starsector-combo/Starfleet/Content/AI/EnemyBT.uasset" 997
"E:/Programming/Games/Unreal/highfleet-starsector-combo/Starfleet/Content/AI/EnemyBT.uexp" 998
"E:/Programming/Games/Unreal/highfleet-starsector-combo/Starfleet/Content/Controllers/Enemy_AIController.uasset" 999
"E:/Programming/Games/Unreal/highfleet-starsector-combo/Starfleet/Content/Controllers/Enemy_AIController.uexp" 1000
"E:/Programming/Games/Unreal/highfleet-starsector-combo/Starfleet/Content/Blueprints/Entities/Starships/EntityPawn_Base_BP.uasset" 1001
"E:/Programming/Games/Unreal/highfleet-starsector-combo/Starfleet/Content/Blueprints/Entities/Starships/EntityPawn_Base_BP.uexp" 1002
"E:/Programming/Games/Unreal/highfleet-starsector-combo/Starfleet/Content/Textures/Starships/Striker_Blue.ubulk" 1003
"E:/Programming/Games/Unreal/highfleet-starsector-combo/Starfleet/Content/Textures/Starships/Striker_Blue.uasset" 1004
"E:/Programming/Games/Unreal/highfleet-starsector-combo/Starfleet/Content/Textures/Starships/Striker_Blue.uexp" 1005
"E:/Programming/Games/Unreal/highfleet-starsector-combo/Starfleet/Content/Materials/Starships/Striker_Blue_Material.uasset" 1006
"E:/Programming/Games/Unreal/highfleet-starsector-combo/Starfleet/Content/Materials/Starships/Striker_Blue_Material.uexp" 1007
"E:/Programming/Games/Unreal/highfleet-starsector-combo/Starfleet/Content/Blueprints/Entities/Starships/EntityPawn_Striker_BP.uasset" 1008
"E:/Programming/Games/Unreal/highfleet-starsector-combo/Starfleet/Content/Blueprints/Entities/Starships/EntityPawn_Striker_BP.uexp" 1009
"E:/Programming/Games/Unreal/highfleet-starsector-combo/Starfleet/Content/Blueprints/Entities/Starships/EntityPawn_Striker_BP_Enemy.uasset" 1010
"E:/Programming/Games/Unreal/highfleet-starsector-combo/Starfleet/Content/Blueprints/Entities/Starships/EntityPawn_Striker_BP_Enemy.uexp" 1011
"E:/Programming/Games/Unreal/highfleet-starsector-combo/Starfleet/Content/Textures/Starships/Insurgent_Blue.ubulk" 1012
"E:/Programming/Games/Unreal/highfleet-starsector-combo/Starfleet/Content/Textures/Starships/Insurgent_Blue.uasset" 1013
"E:/Programming/Games/Unreal/highfleet-starsector-combo/Starfleet/Content/Textures/Starships/Insurgent_Blue.uexp" 1014
"E:/Programming/Games/Unreal/highfleet-starsector-combo/Starfleet/Content/Materials/Starships/Insurgent_Blue_Material.uasset" 1015
"E:/Programming/Games/Unreal/highfleet-starsector-combo/Starfleet/Content/Materials/Starships/Insurgent_Blue_Material.uexp" 1016
"E:/Programming/Games/Unreal/highfleet-starsector-combo/Starfleet/Content/Meshes/Starships/Insurgent.uasset" 1017
"E:/Programming/Games/Unreal/highfleet-starsector-combo/Starfleet/Content/Meshes/Starships/Insurgent.uexp" 1018
"E:/Programming/Games/Unreal/highfleet-starsector-combo/Starfleet/Content/Blueprints/Entities/Starships/EntityPawn_Insurgent_BP.uasset" 1019
"E:/Programming/Games/Unreal/highfleet-starsector-combo/Starfleet/Content/Blueprints/Entities/Starships/EntityPawn_Insurgent_BP.uexp" 1020
"E:/Programming/Games/Unreal/highfleet-starsector-combo/Starfleet/Content/Textures/Starships/Imperial_Red.ubulk" 1021
"E:/Programming/Games/Unreal/highfleet-starsector-combo/Starfleet/Content/Textures/Starships/Imperial_Red.uasset" 1022
"E:/Programming/Games/Unreal/highfleet-starsector-combo/Starfleet/Content/Textures/Starships/Imperial_Red.uexp" 1023
"E:/Programming/Games/Unreal/highfleet-starsector-combo/Starfleet/Content/Materials/Starships/Imperial_Red_Material.uasset" 1024
"E:/Programming/Games/Unreal/highfleet-starsector-combo/Starfleet/Content/Materials/Starships/Imperial_Red_Material.uexp" 1025
"E:/Programming/Games/Unreal/highfleet-starsector-combo/Starfleet/Content/Blueprints/Entities/Starships/EntityPawn_Insurgent_BP_Enemy.uasset" 1026
"E:/Programming/Games/Unreal/highfleet-starsector-combo/Starfleet/Content/Blueprints/Entities/Starships/EntityPawn_Insurgent_BP_Enemy.uexp" 1027
"E:/Programming/Games/Unreal/highfleet-starsector-combo/Starfleet/Content/Meshes/Starships/Imperial.uasset" 1028
"E:/Programming/Games/Unreal/highfleet-starsector-combo/Starfleet/Content/Meshes/Starships/Imperial.uexp" 1029
"E:/Programming/Games/Unreal/highfleet-starsector-combo/Starfleet/Content/Blueprints/Entities/Starships/EntityPawn_Imperial_BP.uasset" 1030
"E:/Programming/Games/Unreal/highfleet-starsector-combo/Starfleet/Content/Blueprints/Entities/Starships/EntityPawn_Imperial_BP.uexp" 1031
"E:/Programming/Games/Unreal/highfleet-starsector-combo/Starfleet/Content/Blueprints/Entities/Starships/EntityPawn_Imperial_BP_Enemy.uasset" 1032
"E:/Programming/Games/Unreal/highfleet-starsector-combo/Starfleet/Content/Blueprints/Entities/Starships/EntityPawn_Imperial_BP_Enemy.uexp" 1033
"E:/Programming/Games/Unreal/highfleet-starsector-combo/Starfleet/Content/Blueprints/Entities/Managers/EntityManagerActor_BP.uasset" 1034
"E:/Programming/Games/Unreal/highfleet-starsector-combo/Starfleet/Content/Blueprints/Entities/Managers/EntityManagerActor_BP.uexp" 1035
"E:/Programming/Games/Unreal/highfleet-starsector-combo/Starfleet/Content/Blueprints/Entities/Managers/Enemy_EntityManagerActor_BP.uasset" 1036
"E:/Programming/Games/Unreal/highfleet-starsector-combo/Starfleet/Content/Blueprints/Entities/Managers/Enemy_EntityManagerActor_BP.uexp" 1037
"E:/Programming/Games/Unreal/highfleet-starsector-combo/Starfleet/Content/Controllers/ShipRTSController_BP.uasset" 1038
"E:/Programming/Games/Unreal/highfleet-starsector-combo/Starfleet/Content/Controllers/ShipRTSController_BP.uexp" 1039
"E:/Programming/Games/Unreal/highfleet-starsector-combo/Starfleet/Content/GameMode/RTSGameMode.uasset" 1040
"E:/Programming/Games/Unreal/highfleet-starsector-combo/Starfleet/Content/GameMode/RTSGameMode.uexp" 1041
"E:/Programming/Games/Unreal/highfleet-starsector-combo/Starfleet/Content/Maps/TopDownMap.uexp" 1042
"E:/Programming/Games/Unreal/highfleet-starsector-combo/Starfleet/Content/Maps/TopDownMap.umap" 1043
"E:/Programming/Games/Unreal/highfleet-starsector-combo/Starfleet/Content/GameMode/LoadingGameMode.uasset" 1044
"E:/Programming/Games/Unreal/highfleet-starsector-combo/Starfleet/Content/GameMode/LoadingGameMode.uexp" 1045
"E:/Programming/Games/Unreal/highfleet-starsector-combo/Starfleet/Content/Maps/Loading_HLODLayer_Instanced.uasset" 1046
"E:/Programming/Games/Unreal/highfleet-starsector-combo/Starfleet/Content/Maps/Loading_HLODLayer_Instanced.uexp" 1047
"E:/Programming/Games/Unreal/highfleet-starsector-combo/Starfleet/Content/Maps/Loading.uexp" 1048
"E:/Programming/Games/Unreal/highfleet-starsector-combo/Starfleet/Content/Maps/Loading.umap" 1049
"E:/Programming/Games/Unreal/highfleet-starsector-combo/Starfleet/Content/Maps/Loading/_Generated_/MainGrid_L0_X0_Y0_DL0.uexp" 1050
"E:/Programming/Games/Unreal/highfleet-starsector-combo/Starfleet/Content/Maps/Loading/_Generated_/MainGrid_L0_X0_Y0_DL0.umap" 1051
